2020-08-23 17:56:11.539 [- | main] INFO  com.ke.mall.MallApplication - Starting MallApplication on DESKTOP-QI3QRJF with PID 12880 (D:\Java-0912\mall\target\classes started by ningwang in D:\Java-0912\mall)
2020-08-23 17:56:11.539 [- | main] INFO  com.ke.mall.MallApplication - No active profile set, falling back to default profiles: default
2020-08-23 17:56:12.399 [- | main] INFO  o.s.d.r.c.RepositoryConfigurationDelegate - Multiple Spring Data modules found, entering strict repository configuration mode!
2020-08-23 17:56:12.399 [- | main] INFO  o.s.d.r.c.RepositoryConfigurationDelegate - Bootstrapping Spring Data Redis repositories in DEFAULT mode.
2020-08-23 17:56:12.429 [- | main] INFO  o.s.d.r.c.RepositoryConfigurationDelegate - Finished Spring Data repository scanning in 20ms. Found 0 Redis repository interfaces.
2020-08-23 17:56:12.689 [- | main] INFO  o.s.c.s.PostProcessorRegistrationDelegate$BeanPostProcessorChecker - Bean 'org.springframework.kafka.annotation.KafkaBootstrapConfiguration' of type [org.springframework.kafka.annotation.KafkaBootstrapConfiguration$$EnhancerBySpringCGLIB$$a78ec888] is not eligible for getting processed by all BeanPostProcessors (for example: not eligible for auto-proxying)
2020-08-23 17:56:12.719 [- | main] INFO  o.s.c.s.PostProcessorRegistrationDelegate$BeanPostProcessorChecker - Bean 'org.springframework.transaction.annotation.ProxyTransactionManagementConfiguration' of type [org.springframework.transaction.annotation.ProxyTransactionManagementConfiguration$$EnhancerBySpringCGLIB$$d3dcb705] is not eligible for getting processed by all BeanPostProcessors (for example: not eligible for auto-proxying)
2020-08-23 17:56:12.919 [- | main] INFO  o.s.b.w.e.tomcat.TomcatWebServer - Tomcat initialized with port(s): 8082 (http)
2020-08-23 17:56:12.939 [- | main] INFO  o.a.coyote.http11.Http11NioProtocol - Initializing ProtocolHandler ["http-nio-8082"]
2020-08-23 17:56:12.949 [- | main] INFO  o.a.catalina.core.StandardService - Starting service [Tomcat]
2020-08-23 17:56:12.959 [- | main] INFO  o.a.catalina.core.StandardEngine - Starting Servlet engine: [Apache Tomcat/9.0.30]
2020-08-23 17:56:13.049 [- | main] INFO  o.a.c.c.C.[Tomcat].[localhost].[/] - Initializing Spring embedded WebApplicationContext
2020-08-23 17:56:13.049 [- | main] INFO  o.s.web.context.ContextLoader - Root WebApplicationContext: initialization completed in 1460 ms
2020-08-23 17:56:13.369 [- | main] INFO  c.a.d.s.b.a.DruidDataSourceAutoConfigure - Init DruidDataSource
2020-08-23 17:56:13.469 [- | main] INFO  c.alibaba.druid.pool.DruidDataSource - {dataSource-1} inited
2020-08-23 17:56:13.940 [- | main] INFO  s.d.s.w.PropertySourcedRequestMappingHandlerMapping - Mapped URL path [/v2/api-docs] onto method [public org.springframework.http.ResponseEntity<springfox.documentation.spring.web.json.Json> springfox.documentation.swagger2.web.Swagger2Controller.getDocumentation(java.lang.String,javax.servlet.http.HttpServletRequest)]
2020-08-23 17:56:14.069 [- | main] INFO  o.s.s.c.ThreadPoolTaskExecutor - Initializing ExecutorService 'applicationTaskExecutor'
2020-08-23 17:56:14.440 [- | main] INFO  o.s.s.c.ThreadPoolTaskScheduler - Initializing ExecutorService 'taskScheduler'
2020-08-23 17:56:14.540 [- | main] INFO  o.a.k.c.consumer.ConsumerConfig - ConsumerConfig values: 
	auto.commit.interval.ms = 100
	auto.offset.reset = latest
	bootstrap.servers = [localhost:9092]
	check.crcs = true
	client.id = 
	connections.max.idle.ms = 540000
	default.api.timeout.ms = 60000
	enable.auto.commit = true
	exclude.internal.topics = true
	fetch.max.bytes = 52428800
	fetch.max.wait.ms = 500
	fetch.min.bytes = 1
	group.id = mall
	heartbeat.interval.ms = 3000
	interceptor.classes = []
	internal.leave.group.on.close = true
	isolation.level = read_uncommitted
	key.deserializer = class org.apache.kafka.common.serialization.StringDeserializer
	max.partition.fetch.bytes = 1048576
	max.poll.interval.ms = 300000
	max.poll.records = 500
	metadata.max.age.ms = 300000
	metric.reporters = []
	metrics.num.samples = 2
	metrics.recording.level = INFO
	metrics.sample.window.ms = 30000
	partition.assignment.strategy = [class org.apache.kafka.clients.consumer.RangeAssignor]
	receive.buffer.bytes = 65536
	reconnect.backoff.max.ms = 1000
	reconnect.backoff.ms = 50
	request.timeout.ms = 30000
	retry.backoff.ms = 100
	sasl.client.callback.handler.class = null
	sasl.jaas.config = null
	sasl.kerberos.kinit.cmd = /usr/bin/kinit
	sasl.kerberos.min.time.before.relogin = 60000
	sasl.kerberos.service.name = null
	sasl.kerberos.ticket.renew.jitter = 0.05
	sasl.kerberos.ticket.renew.window.factor = 0.8
	sasl.login.callback.handler.class = null
	sasl.login.class = null
	sasl.login.refresh.buffer.seconds = 300
	sasl.login.refresh.min.period.seconds = 60
	sasl.login.refresh.window.factor = 0.8
	sasl.login.refresh.window.jitter = 0.05
	sasl.mechanism = GSSAPI
	security.protocol = PLAINTEXT
	send.buffer.bytes = 131072
	session.timeout.ms = 10000
	ssl.cipher.suites = null
	ssl.enabled.protocols = [TLSv1.2, TLSv1.1, TLSv1]
	ssl.endpoint.identification.algorithm = https
	ssl.key.password = null
	ssl.keymanager.algorithm = SunX509
	ssl.keystore.location = null
	ssl.keystore.password = null
	ssl.keystore.type = JKS
	ssl.protocol = TLS
	ssl.provider = null
	ssl.secure.random.implementation = null
	ssl.trustmanager.algorithm = PKIX
	ssl.truststore.location = null
	ssl.truststore.password = null
	ssl.truststore.type = JKS
	value.deserializer = class org.apache.kafka.common.serialization.StringDeserializer

2020-08-23 17:56:14.579 [- | main] INFO  o.a.kafka.common.utils.AppInfoParser - Kafka version : 2.0.1
2020-08-23 17:56:14.579 [- | main] INFO  o.a.kafka.common.utils.AppInfoParser - Kafka commitId : fa14705e51bd2ce5
2020-08-23 17:56:16.689 [- | main] WARN  o.apache.kafka.clients.NetworkClient - [Consumer clientId=consumer-1, groupId=mall] Connection to node -1 could not be established. Broker may not be available.
2020-08-23 17:56:18.879 [- | main] WARN  o.apache.kafka.clients.NetworkClient - [Consumer clientId=consumer-1, groupId=mall] Connection to node -1 could not be established. Broker may not be available.
2020-08-23 17:56:21.039 [- | main] WARN  o.apache.kafka.clients.NetworkClient - [Consumer clientId=consumer-1, groupId=mall] Connection to node -1 could not be established. Broker may not be available.
2020-08-23 17:56:23.299 [- | main] WARN  o.apache.kafka.clients.NetworkClient - [Consumer clientId=consumer-1, groupId=mall] Connection to node -1 could not be established. Broker may not be available.
2020-08-23 17:56:25.857 [- | main] WARN  o.apache.kafka.clients.NetworkClient - [Consumer clientId=consumer-1, groupId=mall] Connection to node -1 could not be established. Broker may not be available.
2020-08-23 17:56:28.619 [- | main] WARN  o.apache.kafka.clients.NetworkClient - [Consumer clientId=consumer-1, groupId=mall] Connection to node -1 could not be established. Broker may not be available.
2020-08-23 17:56:31.719 [- | main] WARN  o.apache.kafka.clients.NetworkClient - [Consumer clientId=consumer-1, groupId=mall] Connection to node -1 could not be established. Broker may not be available.
2020-08-23 17:56:34.669 [- | main] WARN  o.apache.kafka.clients.NetworkClient - [Consumer clientId=consumer-1, groupId=mall] Connection to node -1 could not be established. Broker may not be available.
2020-08-23 17:56:37.749 [- | main] WARN  o.apache.kafka.clients.NetworkClient - [Consumer clientId=consumer-1, groupId=mall] Connection to node -1 could not be established. Broker may not be available.
2020-08-23 17:56:40.899 [- | main] WARN  o.apache.kafka.clients.NetworkClient - [Consumer clientId=consumer-1, groupId=mall] Connection to node -1 could not be established. Broker may not be available.
2020-08-23 17:56:44.129 [- | main] WARN  o.apache.kafka.clients.NetworkClient - [Consumer clientId=consumer-1, groupId=mall] Connection to node -1 could not be established. Broker may not be available.
2020-08-23 17:56:47.400 [- | main] WARN  o.apache.kafka.clients.NetworkClient - [Consumer clientId=consumer-1, groupId=mall] Connection to node -1 could not be established. Broker may not be available.
2020-08-23 17:56:50.589 [- | main] WARN  o.apache.kafka.clients.NetworkClient - [Consumer clientId=consumer-1, groupId=mall] Connection to node -1 could not be established. Broker may not be available.
2020-08-23 17:56:53.539 [- | main] WARN  o.apache.kafka.clients.NetworkClient - [Consumer clientId=consumer-1, groupId=mall] Connection to node -1 could not be established. Broker may not be available.
2020-08-23 17:56:56.539 [- | main] WARN  o.apache.kafka.clients.NetworkClient - [Consumer clientId=consumer-1, groupId=mall] Connection to node -1 could not be established. Broker may not be available.
2020-08-23 17:56:59.699 [- | main] WARN  o.apache.kafka.clients.NetworkClient - [Consumer clientId=consumer-1, groupId=mall] Connection to node -1 could not be established. Broker may not be available.
2020-08-23 17:57:02.969 [- | main] WARN  o.apache.kafka.clients.NetworkClient - [Consumer clientId=consumer-1, groupId=mall] Connection to node -1 could not be established. Broker may not be available.
2020-08-23 17:57:06.244 [- | main] WARN  o.apache.kafka.clients.NetworkClient - [Consumer clientId=consumer-1, groupId=mall] Connection to node -1 could not be established. Broker may not be available.
2020-08-23 17:57:09.229 [- | main] WARN  o.apache.kafka.clients.NetworkClient - [Consumer clientId=consumer-1, groupId=mall] Connection to node -1 could not be established. Broker may not be available.
2020-08-23 17:57:12.319 [- | main] WARN  o.apache.kafka.clients.NetworkClient - [Consumer clientId=consumer-1, groupId=mall] Connection to node -1 could not be established. Broker may not be available.
2020-08-23 17:57:14.679 [- | main] WARN  o.s.b.w.s.c.AnnotationConfigServletWebServerApplicationContext - Exception encountered during context initialization - cancelling refresh attempt: org.springframework.context.ApplicationContextException: Failed to start bean 'org.springframework.kafka.config.internalKafkaListenerEndpointRegistry'; nested exception is org.apache.kafka.common.errors.TimeoutException: Timeout expired while fetching topic metadata
2020-08-23 17:57:14.679 [- | main] INFO  o.s.s.c.ThreadPoolTaskScheduler - Shutting down ExecutorService 'taskScheduler'
2020-08-23 17:57:14.679 [- | main] INFO  o.s.s.c.ThreadPoolTaskExecutor - Shutting down ExecutorService 'applicationTaskExecutor'
2020-08-23 17:57:14.679 [- | main] INFO  c.alibaba.druid.pool.DruidDataSource - {dataSource-1} closed
2020-08-23 17:57:14.699 [- | main] INFO  o.a.catalina.core.StandardService - Stopping service [Tomcat]
2020-08-23 17:57:14.709 [- | main] INFO  o.s.b.a.l.ConditionEvaluationReportLoggingListener - 

Error starting ApplicationContext. To display the conditions report re-run your application with 'debug' enabled.
2020-08-23 17:57:14.709 [- | main] ERROR o.s.boot.SpringApplication - Application run failed
org.springframework.context.ApplicationContextException: Failed to start bean 'org.springframework.kafka.config.internalKafkaListenerEndpointRegistry'; nested exception is org.apache.kafka.common.errors.TimeoutException: Timeout expired while fetching topic metadata
	at org.springframework.context.support.DefaultLifecycleProcessor.doStart(DefaultLifecycleProcessor.java:185)
	at org.springframework.context.support.DefaultLifecycleProcessor.access$200(DefaultLifecycleProcessor.java:53)
	at org.springframework.context.support.DefaultLifecycleProcessor$LifecycleGroup.start(DefaultLifecycleProcessor.java:360)
	at org.springframework.context.support.DefaultLifecycleProcessor.startBeans(DefaultLifecycleProcessor.java:158)
	at org.springframework.context.support.DefaultLifecycleProcessor.onRefresh(DefaultLifecycleProcessor.java:122)
	at org.springframework.context.support.AbstractApplicationContext.finishRefresh(AbstractApplicationContext.java:893)
	at org.springframework.boot.web.servlet.context.ServletWebServerApplicationContext.finishRefresh(ServletWebServerApplicationContext.java:162)
	at org.springframework.context.support.AbstractApplicationContext.refresh(AbstractApplicationContext.java:552)
	at org.springframework.boot.web.servlet.context.ServletWebServerApplicationContext.refresh(ServletWebServerApplicationContext.java:141)
	at org.springframework.boot.SpringApplication.refresh(SpringApplication.java:744)
	at org.springframework.boot.SpringApplication.refreshContext(SpringApplication.java:391)
	at org.springframework.boot.SpringApplication.run(SpringApplication.java:312)
	at org.springframework.boot.SpringApplication.run(SpringApplication.java:1215)
	at org.springframework.boot.SpringApplication.run(SpringApplication.java:1204)
	at com.ke.mall.MallApplication.main(MallApplication.java:12)
Caused by: org.apache.kafka.common.errors.TimeoutException: Timeout expired while fetching topic metadata
2020-08-23 17:58:42.494 [- | main] INFO  com.ke.mall.MallApplication - Starting MallApplication on DESKTOP-QI3QRJF with PID 11224 (D:\Java-0912\mall\target\classes started by ningwang in D:\Java-0912\mall)
2020-08-23 17:58:42.494 [- | main] INFO  com.ke.mall.MallApplication - No active profile set, falling back to default profiles: default
2020-08-23 17:58:43.194 [- | main] INFO  o.s.d.r.c.RepositoryConfigurationDelegate - Multiple Spring Data modules found, entering strict repository configuration mode!
2020-08-23 17:58:43.199 [- | main] INFO  o.s.d.r.c.RepositoryConfigurationDelegate - Bootstrapping Spring Data Redis repositories in DEFAULT mode.
2020-08-23 17:58:43.219 [- | main] INFO  o.s.d.r.c.RepositoryConfigurationDelegate - Finished Spring Data repository scanning in 15ms. Found 0 Redis repository interfaces.
2020-08-23 17:58:43.429 [- | main] INFO  o.s.c.s.PostProcessorRegistrationDelegate$BeanPostProcessorChecker - Bean 'org.springframework.kafka.annotation.KafkaBootstrapConfiguration' of type [org.springframework.kafka.annotation.KafkaBootstrapConfiguration$$EnhancerBySpringCGLIB$$7541c376] is not eligible for getting processed by all BeanPostProcessors (for example: not eligible for auto-proxying)
2020-08-23 17:58:43.449 [- | main] INFO  o.s.c.s.PostProcessorRegistrationDelegate$BeanPostProcessorChecker - Bean 'org.springframework.transaction.annotation.ProxyTransactionManagementConfiguration' of type [org.springframework.transaction.annotation.ProxyTransactionManagementConfiguration$$EnhancerBySpringCGLIB$$a18fb1f3] is not eligible for getting processed by all BeanPostProcessors (for example: not eligible for auto-proxying)
2020-08-23 17:58:43.624 [- | main] INFO  o.s.b.w.e.tomcat.TomcatWebServer - Tomcat initialized with port(s): 8082 (http)
2020-08-23 17:58:43.629 [- | main] INFO  o.a.coyote.http11.Http11NioProtocol - Initializing ProtocolHandler ["http-nio-8082"]
2020-08-23 17:58:43.634 [- | main] INFO  o.a.catalina.core.StandardService - Starting service [Tomcat]
2020-08-23 17:58:43.639 [- | main] INFO  o.a.catalina.core.StandardEngine - Starting Servlet engine: [Apache Tomcat/9.0.30]
2020-08-23 17:58:43.729 [- | main] INFO  o.a.c.c.C.[Tomcat].[localhost].[/] - Initializing Spring embedded WebApplicationContext
2020-08-23 17:58:43.729 [- | main] INFO  o.s.web.context.ContextLoader - Root WebApplicationContext: initialization completed in 1190 ms
2020-08-23 17:58:43.959 [- | main] INFO  c.a.d.s.b.a.DruidDataSourceAutoConfigure - Init DruidDataSource
2020-08-23 17:58:44.039 [- | main] INFO  c.alibaba.druid.pool.DruidDataSource - {dataSource-1} inited
2020-08-23 17:58:44.409 [- | main] INFO  s.d.s.w.PropertySourcedRequestMappingHandlerMapping - Mapped URL path [/v2/api-docs] onto method [public org.springframework.http.ResponseEntity<springfox.documentation.spring.web.json.Json> springfox.documentation.swagger2.web.Swagger2Controller.getDocumentation(java.lang.String,javax.servlet.http.HttpServletRequest)]
2020-08-23 17:58:44.519 [- | main] INFO  o.s.s.c.ThreadPoolTaskExecutor - Initializing ExecutorService 'applicationTaskExecutor'
2020-08-23 17:58:44.819 [- | main] INFO  o.s.s.c.ThreadPoolTaskScheduler - Initializing ExecutorService 'taskScheduler'
2020-08-23 17:58:44.899 [- | main] INFO  o.a.k.c.consumer.ConsumerConfig - ConsumerConfig values: 
	auto.commit.interval.ms = 100
	auto.offset.reset = latest
	bootstrap.servers = [localhost:9092]
	check.crcs = true
	client.id = 
	connections.max.idle.ms = 540000
	default.api.timeout.ms = 60000
	enable.auto.commit = true
	exclude.internal.topics = true
	fetch.max.bytes = 52428800
	fetch.max.wait.ms = 500
	fetch.min.bytes = 1
	group.id = mall
	heartbeat.interval.ms = 3000
	interceptor.classes = []
	internal.leave.group.on.close = true
	isolation.level = read_uncommitted
	key.deserializer = class org.apache.kafka.common.serialization.StringDeserializer
	max.partition.fetch.bytes = 1048576
	max.poll.interval.ms = 300000
	max.poll.records = 500
	metadata.max.age.ms = 300000
	metric.reporters = []
	metrics.num.samples = 2
	metrics.recording.level = INFO
	metrics.sample.window.ms = 30000
	partition.assignment.strategy = [class org.apache.kafka.clients.consumer.RangeAssignor]
	receive.buffer.bytes = 65536
	reconnect.backoff.max.ms = 1000
	reconnect.backoff.ms = 50
	request.timeout.ms = 30000
	retry.backoff.ms = 100
	sasl.client.callback.handler.class = null
	sasl.jaas.config = null
	sasl.kerberos.kinit.cmd = /usr/bin/kinit
	sasl.kerberos.min.time.before.relogin = 60000
	sasl.kerberos.service.name = null
	sasl.kerberos.ticket.renew.jitter = 0.05
	sasl.kerberos.ticket.renew.window.factor = 0.8
	sasl.login.callback.handler.class = null
	sasl.login.class = null
	sasl.login.refresh.buffer.seconds = 300
	sasl.login.refresh.min.period.seconds = 60
	sasl.login.refresh.window.factor = 0.8
	sasl.login.refresh.window.jitter = 0.05
	sasl.mechanism = GSSAPI
	security.protocol = PLAINTEXT
	send.buffer.bytes = 131072
	session.timeout.ms = 10000
	ssl.cipher.suites = null
	ssl.enabled.protocols = [TLSv1.2, TLSv1.1, TLSv1]
	ssl.endpoint.identification.algorithm = https
	ssl.key.password = null
	ssl.keymanager.algorithm = SunX509
	ssl.keystore.location = null
	ssl.keystore.password = null
	ssl.keystore.type = JKS
	ssl.protocol = TLS
	ssl.provider = null
	ssl.secure.random.implementation = null
	ssl.trustmanager.algorithm = PKIX
	ssl.truststore.location = null
	ssl.truststore.password = null
	ssl.truststore.type = JKS
	value.deserializer = class org.apache.kafka.common.serialization.StringDeserializer

2020-08-23 17:58:44.939 [- | main] INFO  o.a.kafka.common.utils.AppInfoParser - Kafka version : 2.0.1
2020-08-23 17:58:44.939 [- | main] INFO  o.a.kafka.common.utils.AppInfoParser - Kafka commitId : fa14705e51bd2ce5
2020-08-23 17:58:47.059 [- | main] WARN  o.apache.kafka.clients.NetworkClient - [Consumer clientId=consumer-1, groupId=mall] Connection to node -1 could not be established. Broker may not be available.
2020-08-23 17:58:49.219 [- | main] WARN  o.apache.kafka.clients.NetworkClient - [Consumer clientId=consumer-1, groupId=mall] Connection to node -1 could not be established. Broker may not be available.
2020-08-23 17:58:51.369 [- | main] WARN  o.apache.kafka.clients.NetworkClient - [Consumer clientId=consumer-1, groupId=mall] Connection to node -1 could not be established. Broker may not be available.
2020-08-23 17:58:53.629 [- | main] WARN  o.apache.kafka.clients.NetworkClient - [Consumer clientId=consumer-1, groupId=mall] Connection to node -1 could not be established. Broker may not be available.
2020-08-23 17:58:56.204 [- | main] WARN  o.apache.kafka.clients.NetworkClient - [Consumer clientId=consumer-1, groupId=mall] Connection to node -1 could not be established. Broker may not be available.
2020-08-23 17:58:58.919 [- | main] WARN  o.apache.kafka.clients.NetworkClient - [Consumer clientId=consumer-1, groupId=mall] Connection to node -1 could not be established. Broker may not be available.
2020-08-23 17:59:01.949 [- | main] WARN  o.apache.kafka.clients.NetworkClient - [Consumer clientId=consumer-1, groupId=mall] Connection to node -1 could not be established. Broker may not be available.
2020-08-23 17:59:05.119 [- | main] WARN  o.apache.kafka.clients.NetworkClient - [Consumer clientId=consumer-1, groupId=mall] Connection to node -1 could not be established. Broker may not be available.
2020-08-23 17:59:08.349 [- | main] WARN  o.apache.kafka.clients.NetworkClient - [Consumer clientId=consumer-1, groupId=mall] Connection to node -1 could not be established. Broker may not be available.
2020-08-23 17:59:11.569 [- | main] WARN  o.apache.kafka.clients.NetworkClient - [Consumer clientId=consumer-1, groupId=mall] Connection to node -1 could not be established. Broker may not be available.
2020-08-23 17:59:14.879 [- | main] WARN  o.apache.kafka.clients.NetworkClient - [Consumer clientId=consumer-1, groupId=mall] Connection to node -1 could not be established. Broker may not be available.
2020-08-23 17:59:17.781 [- | main] WARN  o.apache.kafka.clients.NetworkClient - [Consumer clientId=consumer-1, groupId=mall] Connection to node -1 could not be established. Broker may not be available.
2020-08-23 17:59:20.611 [- | main] WARN  o.apache.kafka.clients.NetworkClient - [Consumer clientId=consumer-1, groupId=mall] Connection to node -1 could not be established. Broker may not be available.
2020-08-23 17:59:23.721 [- | main] WARN  o.apache.kafka.clients.NetworkClient - [Consumer clientId=consumer-1, groupId=mall] Connection to node -1 could not be established. Broker may not be available.
2020-08-23 17:59:26.631 [- | main] WARN  o.apache.kafka.clients.NetworkClient - [Consumer clientId=consumer-1, groupId=mall] Connection to node -1 could not be established. Broker may not be available.
2020-08-23 17:59:29.749 [- | main] WARN  o.apache.kafka.clients.NetworkClient - [Consumer clientId=consumer-1, groupId=mall] Connection to node -1 could not be established. Broker may not be available.
2020-08-23 17:59:32.758 [- | main] WARN  o.apache.kafka.clients.NetworkClient - [Consumer clientId=consumer-1, groupId=mall] Connection to node -1 could not be established. Broker may not be available.
2020-08-23 17:59:35.979 [- | main] WARN  o.apache.kafka.clients.NetworkClient - [Consumer clientId=consumer-1, groupId=mall] Connection to node -1 could not be established. Broker may not be available.
2020-08-23 17:59:39.089 [- | main] WARN  o.apache.kafka.clients.NetworkClient - [Consumer clientId=consumer-1, groupId=mall] Connection to node -1 could not be established. Broker may not be available.
2020-08-23 17:59:42.081 [- | main] WARN  o.apache.kafka.clients.NetworkClient - [Consumer clientId=consumer-1, groupId=mall] Connection to node -1 could not be established. Broker may not be available.
2020-08-23 17:59:45.010 [- | main] WARN  o.s.b.w.s.c.AnnotationConfigServletWebServerApplicationContext - Exception encountered during context initialization - cancelling refresh attempt: org.springframework.context.ApplicationContextException: Failed to start bean 'org.springframework.kafka.config.internalKafkaListenerEndpointRegistry'; nested exception is org.apache.kafka.common.errors.TimeoutException: Timeout expired while fetching topic metadata
2020-08-23 17:59:45.010 [- | main] INFO  o.s.s.c.ThreadPoolTaskScheduler - Shutting down ExecutorService 'taskScheduler'
2020-08-23 17:59:45.010 [- | main] INFO  o.s.s.c.ThreadPoolTaskExecutor - Shutting down ExecutorService 'applicationTaskExecutor'
2020-08-23 17:59:45.019 [- | main] INFO  c.alibaba.druid.pool.DruidDataSource - {dataSource-1} closed
2020-08-23 17:59:45.029 [- | main] INFO  o.a.catalina.core.StandardService - Stopping service [Tomcat]
2020-08-23 17:59:45.039 [- | main] INFO  o.s.b.a.l.ConditionEvaluationReportLoggingListener - 

Error starting ApplicationContext. To display the conditions report re-run your application with 'debug' enabled.
2020-08-23 17:59:45.039 [- | main] ERROR o.s.boot.SpringApplication - Application run failed
org.springframework.context.ApplicationContextException: Failed to start bean 'org.springframework.kafka.config.internalKafkaListenerEndpointRegistry'; nested exception is org.apache.kafka.common.errors.TimeoutException: Timeout expired while fetching topic metadata
	at org.springframework.context.support.DefaultLifecycleProcessor.doStart(DefaultLifecycleProcessor.java:185)
	at org.springframework.context.support.DefaultLifecycleProcessor.access$200(DefaultLifecycleProcessor.java:53)
	at org.springframework.context.support.DefaultLifecycleProcessor$LifecycleGroup.start(DefaultLifecycleProcessor.java:360)
	at org.springframework.context.support.DefaultLifecycleProcessor.startBeans(DefaultLifecycleProcessor.java:158)
	at org.springframework.context.support.DefaultLifecycleProcessor.onRefresh(DefaultLifecycleProcessor.java:122)
	at org.springframework.context.support.AbstractApplicationContext.finishRefresh(AbstractApplicationContext.java:893)
	at org.springframework.boot.web.servlet.context.ServletWebServerApplicationContext.finishRefresh(ServletWebServerApplicationContext.java:162)
	at org.springframework.context.support.AbstractApplicationContext.refresh(AbstractApplicationContext.java:552)
	at org.springframework.boot.web.servlet.context.ServletWebServerApplicationContext.refresh(ServletWebServerApplicationContext.java:141)
	at org.springframework.boot.SpringApplication.refresh(SpringApplication.java:744)
	at org.springframework.boot.SpringApplication.refreshContext(SpringApplication.java:391)
	at org.springframework.boot.SpringApplication.run(SpringApplication.java:312)
	at org.springframework.boot.SpringApplication.run(SpringApplication.java:1215)
	at org.springframework.boot.SpringApplication.run(SpringApplication.java:1204)
	at com.ke.mall.MallApplication.main(MallApplication.java:12)
Caused by: org.apache.kafka.common.errors.TimeoutException: Timeout expired while fetching topic metadata
2020-08-23 18:01:06.369 [- | main] INFO  com.ke.mall.MallApplication - Starting MallApplication on DESKTOP-QI3QRJF with PID 12748 (D:\Java-0912\mall\target\classes started by ningwang in D:\Java-0912\mall)
2020-08-23 18:01:06.399 [- | main] INFO  com.ke.mall.MallApplication - No active profile set, falling back to default profiles: default
2020-08-23 18:01:07.209 [- | main] INFO  o.s.d.r.c.RepositoryConfigurationDelegate - Multiple Spring Data modules found, entering strict repository configuration mode!
2020-08-23 18:01:07.209 [- | main] INFO  o.s.d.r.c.RepositoryConfigurationDelegate - Bootstrapping Spring Data Redis repositories in DEFAULT mode.
2020-08-23 18:01:07.244 [- | main] INFO  o.s.d.r.c.RepositoryConfigurationDelegate - Finished Spring Data repository scanning in 22ms. Found 0 Redis repository interfaces.
2020-08-23 18:01:07.489 [- | main] INFO  o.s.c.s.PostProcessorRegistrationDelegate$BeanPostProcessorChecker - Bean 'org.springframework.kafka.annotation.KafkaBootstrapConfiguration' of type [org.springframework.kafka.annotation.KafkaBootstrapConfiguration$$EnhancerBySpringCGLIB$$4c4dca84] is not eligible for getting processed by all BeanPostProcessors (for example: not eligible for auto-proxying)
2020-08-23 18:01:07.519 [- | main] INFO  o.s.c.s.PostProcessorRegistrationDelegate$BeanPostProcessorChecker - Bean 'org.springframework.transaction.annotation.ProxyTransactionManagementConfiguration' of type [org.springframework.transaction.annotation.ProxyTransactionManagementConfiguration$$EnhancerBySpringCGLIB$$789bb901] is not eligible for getting processed by all BeanPostProcessors (for example: not eligible for auto-proxying)
2020-08-23 18:01:07.729 [- | main] INFO  o.s.b.w.e.tomcat.TomcatWebServer - Tomcat initialized with port(s): 8082 (http)
2020-08-23 18:01:07.739 [- | main] INFO  o.a.coyote.http11.Http11NioProtocol - Initializing ProtocolHandler ["http-nio-8082"]
2020-08-23 18:01:07.739 [- | main] INFO  o.a.catalina.core.StandardService - Starting service [Tomcat]
2020-08-23 18:01:07.749 [- | main] INFO  o.a.catalina.core.StandardEngine - Starting Servlet engine: [Apache Tomcat/9.0.30]
2020-08-23 18:01:07.899 [- | main] INFO  o.a.c.c.C.[Tomcat].[localhost].[/] - Initializing Spring embedded WebApplicationContext
2020-08-23 18:01:07.899 [- | main] INFO  o.s.web.context.ContextLoader - Root WebApplicationContext: initialization completed in 1460 ms
2020-08-23 18:01:08.139 [- | main] INFO  c.a.d.s.b.a.DruidDataSourceAutoConfigure - Init DruidDataSource
2020-08-23 18:01:08.239 [- | main] INFO  c.alibaba.druid.pool.DruidDataSource - {dataSource-1} inited
2020-08-23 18:01:08.689 [- | main] INFO  s.d.s.w.PropertySourcedRequestMappingHandlerMapping - Mapped URL path [/v2/api-docs] onto method [public org.springframework.http.ResponseEntity<springfox.documentation.spring.web.json.Json> springfox.documentation.swagger2.web.Swagger2Controller.getDocumentation(java.lang.String,javax.servlet.http.HttpServletRequest)]
2020-08-23 18:01:08.819 [- | main] INFO  o.s.s.c.ThreadPoolTaskExecutor - Initializing ExecutorService 'applicationTaskExecutor'
2020-08-23 18:01:09.194 [- | main] INFO  o.s.s.c.ThreadPoolTaskScheduler - Initializing ExecutorService 'taskScheduler'
2020-08-23 18:01:09.274 [- | main] INFO  s.d.s.w.p.DocumentationPluginsBootstrapper - Context refreshed
2020-08-23 18:01:09.309 [- | main] INFO  s.d.s.w.p.DocumentationPluginsBootstrapper - Found 1 custom documentation plugin(s)
2020-08-23 18:01:09.339 [- | main] INFO  s.d.s.w.s.ApiListingReferenceScanner - Scanning for api listing references
2020-08-23 18:01:09.519 [- | main] INFO  s.d.s.w.r.o.CachingOperationNameGenerator - Generating unique operation named: test2UsingGET_1
2020-08-23 18:01:09.539 [- | main] INFO  o.a.coyote.http11.Http11NioProtocol - Starting ProtocolHandler ["http-nio-8082"]
2020-08-23 18:01:09.566 [- | main] INFO  o.s.b.w.e.tomcat.TomcatWebServer - Tomcat started on port(s): 8082 (http) with context path ''
2020-08-23 18:01:09.569 [- | main] INFO  com.ke.mall.MallApplication - Started MallApplication in 3.67 seconds (JVM running for 4.901)
2020-08-23 18:01:30.641 [- | http-nio-8082-exec-1] INFO  o.a.c.c.C.[Tomcat].[localhost].[/] - Initializing Spring DispatcherServlet 'dispatcherServlet'
2020-08-23 18:01:30.641 [- | http-nio-8082-exec-1] INFO  o.s.web.servlet.DispatcherServlet - Initializing Servlet 'dispatcherServlet'
2020-08-23 18:01:30.650 [- | http-nio-8082-exec-1] INFO  o.s.web.servlet.DispatcherServlet - Completed initialization in 8 ms
2020-08-23 18:01:30.931 [- | http-nio-8082-exec-1] ERROR o.a.c.c.C.[.[.[.[dispatcherServlet] - Servlet.service() for servlet [dispatcherServlet] in context with path [] threw exception [Request processing failed; nested exception is org.springframework.jdbc.BadSqlGrammarException: 
### Error querying database.  Cause: java.sql.SQLSyntaxErrorException: Unknown column 'firstLetter' in 'field list'
### The error may exist in file [D:\Java-0912\mall\target\classes\mapper\PmsBrandMapper.xml]
### The error may involve defaultParameterMap
### The error occurred while setting parameters
### SQL: select           id, name, firstLetter, sort, factoryStatus, showStatus, proCount, commentCount, logo,      picLoc, brandStory, ctime, state         from pms_brand     where state = 1
### Cause: java.sql.SQLSyntaxErrorException: Unknown column 'firstLetter' in 'field list'
; bad SQL grammar []; nested exception is java.sql.SQLSyntaxErrorException: Unknown column 'firstLetter' in 'field list'] with root cause
java.sql.SQLSyntaxErrorException: Unknown column 'firstLetter' in 'field list'
	at com.mysql.cj.jdbc.exceptions.SQLError.createSQLException(SQLError.java:120)
	at com.mysql.cj.jdbc.exceptions.SQLError.createSQLException(SQLError.java:97)
	at com.mysql.cj.jdbc.exceptions.SQLExceptionsMapping.translateException(SQLExceptionsMapping.java:122)
	at com.mysql.cj.jdbc.ClientPreparedStatement.executeInternal(ClientPreparedStatement.java:970)
	at com.mysql.cj.jdbc.ClientPreparedStatement.execute(ClientPreparedStatement.java:387)
	at com.alibaba.druid.filter.FilterChainImpl.preparedStatement_execute(FilterChainImpl.java:3409)
	at com.alibaba.druid.filter.FilterEventAdapter.preparedStatement_execute(FilterEventAdapter.java:440)
	at com.alibaba.druid.filter.FilterChainImpl.preparedStatement_execute(FilterChainImpl.java:3407)
	at com.alibaba.druid.proxy.jdbc.PreparedStatementProxyImpl.execute(PreparedStatementProxyImpl.java:167)
	at com.alibaba.druid.pool.DruidPooledPreparedStatement.execute(DruidPooledPreparedStatement.java:498)
	at org.apache.ibatis.executor.statement.PreparedStatementHandler.query(PreparedStatementHandler.java:63)
	at org.apache.ibatis.executor.statement.RoutingStatementHandler.query(RoutingStatementHandler.java:79)
	at org.apache.ibatis.executor.SimpleExecutor.doQuery(SimpleExecutor.java:63)
	at org.apache.ibatis.executor.BaseExecutor.queryFromDatabase(BaseExecutor.java:326)
	at org.apache.ibatis.executor.BaseExecutor.query(BaseExecutor.java:156)
	at org.apache.ibatis.executor.CachingExecutor.query(CachingExecutor.java:109)
	at com.github.pagehelper.PageInterceptor.intercept(PageInterceptor.java:108)
	at org.apache.ibatis.plugin.Plugin.invoke(Plugin.java:61)
	at com.sun.proxy.$Proxy121.query(Unknown Source)
	at org.apache.ibatis.session.defaults.DefaultSqlSession.selectList(DefaultSqlSession.java:148)
	at org.apache.ibatis.session.defaults.DefaultSqlSession.selectList(DefaultSqlSession.java:141)
	at sun.reflect.NativeMethodAccessorImpl.invoke0(Native Method)
	at sun.reflect.NativeMethodAccessorImpl.invoke(NativeMethodAccessorImpl.java:62)
	at sun.reflect.DelegatingMethodAccessorImpl.invoke(DelegatingMethodAccessorImpl.java:43)
	at java.lang.reflect.Method.invoke(Method.java:498)
	at org.mybatis.spring.SqlSessionTemplate$SqlSessionInterceptor.invoke(SqlSessionTemplate.java:433)
	at com.sun.proxy.$Proxy89.selectList(Unknown Source)
	at org.mybatis.spring.SqlSessionTemplate.selectList(SqlSessionTemplate.java:230)
	at org.apache.ibatis.binding.MapperMethod.executeForMany(MapperMethod.java:139)
	at org.apache.ibatis.binding.MapperMethod.execute(MapperMethod.java:76)
	at org.apache.ibatis.binding.MapperProxy.invoke(MapperProxy.java:59)
	at com.sun.proxy.$Proxy90.findAll(Unknown Source)
	at com.ke.mall.service.impl.PmsBrandService.listAllBrand(PmsBrandService.java:29)
	at com.ke.mall.service.impl.PmsBrandService$$FastClassBySpringCGLIB$$204e6662.invoke(<generated>)
	at org.springframework.cglib.proxy.MethodProxy.invoke(MethodProxy.java:218)
	at org.springframework.aop.framework.CglibAopProxy$DynamicAdvisedInterceptor.intercept(CglibAopProxy.java:685)
	at com.ke.mall.service.impl.PmsBrandService$$EnhancerBySpringCGLIB$$c207c15a.listAllBrand(<generated>)
	at com.ke.mall.controller.PmsBrandController.getBrandList(PmsBrandController.java:34)
	at sun.reflect.NativeMethodAccessorImpl.invoke0(Native Method)
	at sun.reflect.NativeMethodAccessorImpl.invoke(NativeMethodAccessorImpl.java:62)
	at sun.reflect.DelegatingMethodAccessorImpl.invoke(DelegatingMethodAccessorImpl.java:43)
	at java.lang.reflect.Method.invoke(Method.java:498)
	at org.springframework.web.method.support.InvocableHandlerMethod.doInvoke(InvocableHandlerMethod.java:190)
	at org.springframework.web.method.support.InvocableHandlerMethod.invokeForRequest(InvocableHandlerMethod.java:138)
	at org.springframework.web.servlet.mvc.method.annotation.ServletInvocableHandlerMethod.invokeAndHandle(ServletInvocableHandlerMethod.java:105)
	at org.springframework.web.servlet.mvc.method.annotation.RequestMappingHandlerAdapter.invokeHandlerMethod(RequestMappingHandlerAdapter.java:893)
	at org.springframework.web.servlet.mvc.method.annotation.RequestMappingHandlerAdapter.handleInternal(RequestMappingHandlerAdapter.java:798)
	at org.springframework.web.servlet.mvc.method.AbstractHandlerMethodAdapter.handle(AbstractHandlerMethodAdapter.java:87)
	at org.springframework.web.servlet.DispatcherServlet.doDispatch(DispatcherServlet.java:1040)
	at org.springframework.web.servlet.DispatcherServlet.doService(DispatcherServlet.java:943)
	at org.springframework.web.servlet.FrameworkServlet.processRequest(FrameworkServlet.java:1006)
	at org.springframework.web.servlet.FrameworkServlet.doGet(FrameworkServlet.java:898)
	at javax.servlet.http.HttpServlet.service(HttpServlet.java:634)
	at org.springframework.web.servlet.FrameworkServlet.service(FrameworkServlet.java:883)
	at javax.servlet.http.HttpServlet.service(HttpServlet.java:741)
	at org.apache.catalina.core.ApplicationFilterChain.internalDoFilter(ApplicationFilterChain.java:231)
	at org.apache.catalina.core.ApplicationFilterChain.doFilter(ApplicationFilterChain.java:166)
	at org.apache.tomcat.websocket.server.WsFilter.doFilter(WsFilter.java:53)
	at org.apache.catalina.core.ApplicationFilterChain.internalDoFilter(ApplicationFilterChain.java:193)
	at org.apache.catalina.core.ApplicationFilterChain.doFilter(ApplicationFilterChain.java:166)
	at com.alibaba.druid.support.http.WebStatFilter.doFilter(WebStatFilter.java:123)
	at org.apache.catalina.core.ApplicationFilterChain.internalDoFilter(ApplicationFilterChain.java:193)
	at org.apache.catalina.core.ApplicationFilterChain.doFilter(ApplicationFilterChain.java:166)
	at org.springframework.web.filter.RequestContextFilter.doFilterInternal(RequestContextFilter.java:100)
	at org.springframework.web.filter.OncePerRequestFilter.doFilter(OncePerRequestFilter.java:119)
	at org.apache.catalina.core.ApplicationFilterChain.internalDoFilter(ApplicationFilterChain.java:193)
	at org.apache.catalina.core.ApplicationFilterChain.doFilter(ApplicationFilterChain.java:166)
	at org.springframework.web.filter.FormContentFilter.doFilterInternal(FormContentFilter.java:93)
	at org.springframework.web.filter.OncePerRequestFilter.doFilter(OncePerRequestFilter.java:119)
	at org.apache.catalina.core.ApplicationFilterChain.internalDoFilter(ApplicationFilterChain.java:193)
	at org.apache.catalina.core.ApplicationFilterChain.doFilter(ApplicationFilterChain.java:166)
	at org.springframework.web.filter.HiddenHttpMethodFilter.doFilterInternal(HiddenHttpMethodFilter.java:94)
	at org.springframework.web.filter.OncePerRequestFilter.doFilter(OncePerRequestFilter.java:119)
	at org.apache.catalina.core.ApplicationFilterChain.internalDoFilter(ApplicationFilterChain.java:193)
	at org.apache.catalina.core.ApplicationFilterChain.doFilter(ApplicationFilterChain.java:166)
	at org.springframework.web.filter.CharacterEncodingFilter.doFilterInternal(CharacterEncodingFilter.java:201)
	at org.springframework.web.filter.OncePerRequestFilter.doFilter(OncePerRequestFilter.java:119)
	at org.apache.catalina.core.ApplicationFilterChain.internalDoFilter(ApplicationFilterChain.java:193)
	at org.apache.catalina.core.ApplicationFilterChain.doFilter(ApplicationFilterChain.java:166)
	at org.apache.catalina.core.StandardWrapperValve.invoke(StandardWrapperValve.java:202)
	at org.apache.catalina.core.StandardContextValve.invoke(StandardContextValve.java:96)
	at org.apache.catalina.authenticator.AuthenticatorBase.invoke(AuthenticatorBase.java:541)
	at org.apache.catalina.core.StandardHostValve.invoke(StandardHostValve.java:139)
	at org.apache.catalina.valves.ErrorReportValve.invoke(ErrorReportValve.java:92)
	at org.apache.catalina.core.StandardEngineValve.invoke(StandardEngineValve.java:74)
	at org.apache.catalina.connector.CoyoteAdapter.service(CoyoteAdapter.java:343)
	at org.apache.coyote.http11.Http11Processor.service(Http11Processor.java:367)
	at org.apache.coyote.AbstractProcessorLight.process(AbstractProcessorLight.java:65)
	at org.apache.coyote.AbstractProtocol$ConnectionHandler.process(AbstractProtocol.java:860)
	at org.apache.tomcat.util.net.NioEndpoint$SocketProcessor.doRun(NioEndpoint.java:1598)
	at org.apache.tomcat.util.net.SocketProcessorBase.run(SocketProcessorBase.java:49)
	at java.util.concurrent.ThreadPoolExecutor.runWorker(ThreadPoolExecutor.java:1149)
	at java.util.concurrent.ThreadPoolExecutor$Worker.run(ThreadPoolExecutor.java:624)
	at org.apache.tomcat.util.threads.TaskThread$WrappingRunnable.run(TaskThread.java:61)
	at java.lang.Thread.run(Thread.java:748)
2020-08-23 18:03:47.763 [- | Thread-10] INFO  o.s.s.c.ThreadPoolTaskScheduler - Shutting down ExecutorService 'taskScheduler'
2020-08-23 18:03:47.765 [- | Thread-10] INFO  o.s.s.c.ThreadPoolTaskExecutor - Shutting down ExecutorService 'applicationTaskExecutor'
2020-08-23 18:03:47.768 [- | Thread-10] INFO  c.alibaba.druid.pool.DruidDataSource - {dataSource-1} closed
2020-08-23 18:03:53.169 [- | main] INFO  com.ke.mall.MallApplication - Starting MallApplication on DESKTOP-QI3QRJF with PID 10652 (D:\Java-0912\mall\target\classes started by ningwang in D:\Java-0912\mall)
2020-08-23 18:03:53.172 [- | main] INFO  com.ke.mall.MallApplication - No active profile set, falling back to default profiles: default
2020-08-23 18:03:53.889 [- | main] INFO  o.s.d.r.c.RepositoryConfigurationDelegate - Multiple Spring Data modules found, entering strict repository configuration mode!
2020-08-23 18:03:53.891 [- | main] INFO  o.s.d.r.c.RepositoryConfigurationDelegate - Bootstrapping Spring Data Redis repositories in DEFAULT mode.
2020-08-23 18:03:53.923 [- | main] INFO  o.s.d.r.c.RepositoryConfigurationDelegate - Finished Spring Data repository scanning in 22ms. Found 0 Redis repository interfaces.
2020-08-23 18:03:54.155 [- | main] INFO  o.s.c.s.PostProcessorRegistrationDelegate$BeanPostProcessorChecker - Bean 'org.springframework.kafka.annotation.KafkaBootstrapConfiguration' of type [org.springframework.kafka.annotation.KafkaBootstrapConfiguration$$EnhancerBySpringCGLIB$$4fc95efb] is not eligible for getting processed by all BeanPostProcessors (for example: not eligible for auto-proxying)
2020-08-23 18:03:54.184 [- | main] INFO  o.s.c.s.PostProcessorRegistrationDelegate$BeanPostProcessorChecker - Bean 'org.springframework.transaction.annotation.ProxyTransactionManagementConfiguration' of type [org.springframework.transaction.annotation.ProxyTransactionManagementConfiguration$$EnhancerBySpringCGLIB$$7c174d78] is not eligible for getting processed by all BeanPostProcessors (for example: not eligible for auto-proxying)
2020-08-23 18:03:54.386 [- | main] INFO  o.s.b.w.e.tomcat.TomcatWebServer - Tomcat initialized with port(s): 8082 (http)
2020-08-23 18:03:54.396 [- | main] INFO  o.a.coyote.http11.Http11NioProtocol - Initializing ProtocolHandler ["http-nio-8082"]
2020-08-23 18:03:54.403 [- | main] INFO  o.a.catalina.core.StandardService - Starting service [Tomcat]
2020-08-23 18:03:54.403 [- | main] INFO  o.a.catalina.core.StandardEngine - Starting Servlet engine: [Apache Tomcat/9.0.30]
2020-08-23 18:03:54.546 [- | main] INFO  o.a.c.c.C.[Tomcat].[localhost].[/] - Initializing Spring embedded WebApplicationContext
2020-08-23 18:03:54.546 [- | main] INFO  o.s.web.context.ContextLoader - Root WebApplicationContext: initialization completed in 1300 ms
2020-08-23 18:03:54.803 [- | main] INFO  c.a.d.s.b.a.DruidDataSourceAutoConfigure - Init DruidDataSource
2020-08-23 18:03:54.898 [- | main] INFO  c.alibaba.druid.pool.DruidDataSource - {dataSource-1} inited
2020-08-23 18:03:55.363 [- | main] INFO  s.d.s.w.PropertySourcedRequestMappingHandlerMapping - Mapped URL path [/v2/api-docs] onto method [public org.springframework.http.ResponseEntity<springfox.documentation.spring.web.json.Json> springfox.documentation.swagger2.web.Swagger2Controller.getDocumentation(java.lang.String,javax.servlet.http.HttpServletRequest)]
2020-08-23 18:03:55.486 [- | main] INFO  o.s.s.c.ThreadPoolTaskExecutor - Initializing ExecutorService 'applicationTaskExecutor'
2020-08-23 18:03:55.846 [- | main] INFO  o.s.s.c.ThreadPoolTaskScheduler - Initializing ExecutorService 'taskScheduler'
2020-08-23 18:03:55.928 [- | main] INFO  s.d.s.w.p.DocumentationPluginsBootstrapper - Context refreshed
2020-08-23 18:03:55.940 [- | main] INFO  s.d.s.w.p.DocumentationPluginsBootstrapper - Found 1 custom documentation plugin(s)
2020-08-23 18:03:55.970 [- | main] INFO  s.d.s.w.s.ApiListingReferenceScanner - Scanning for api listing references
2020-08-23 18:03:56.128 [- | main] INFO  s.d.s.w.r.o.CachingOperationNameGenerator - Generating unique operation named: test2UsingGET_1
2020-08-23 18:03:56.149 [- | main] INFO  o.a.coyote.http11.Http11NioProtocol - Starting ProtocolHandler ["http-nio-8082"]
2020-08-23 18:03:56.168 [- | main] INFO  o.s.b.w.e.tomcat.TomcatWebServer - Tomcat started on port(s): 8082 (http) with context path ''
2020-08-23 18:03:56.171 [- | main] INFO  com.ke.mall.MallApplication - Started MallApplication in 3.526 seconds (JVM running for 4.316)
2020-08-23 18:04:17.629 [- | http-nio-8082-exec-2] INFO  o.a.c.c.C.[Tomcat].[localhost].[/] - Initializing Spring DispatcherServlet 'dispatcherServlet'
2020-08-23 18:04:17.629 [- | http-nio-8082-exec-2] INFO  o.s.web.servlet.DispatcherServlet - Initializing Servlet 'dispatcherServlet'
2020-08-23 18:04:17.639 [- | http-nio-8082-exec-2] INFO  o.s.web.servlet.DispatcherServlet - Completed initialization in 10 ms
2020-08-23 18:04:17.826 [- | http-nio-8082-exec-2] ERROR o.a.c.c.C.[.[.[.[dispatcherServlet] - Servlet.service() for servlet [dispatcherServlet] in context with path [] threw exception [Request processing failed; nested exception is org.springframework.jdbc.BadSqlGrammarException: 
### Error querying database.  Cause: java.sql.SQLSyntaxErrorException: Unknown column 'state' in 'where clause'
### The error may exist in file [D:\Java-0912\mall\target\classes\mapper\PmsBrandMapper.xml]
### The error may involve defaultParameterMap
### The error occurred while setting parameters
### SQL: select     *     from pms_brand     where state = 1
### Cause: java.sql.SQLSyntaxErrorException: Unknown column 'state' in 'where clause'
; bad SQL grammar []; nested exception is java.sql.SQLSyntaxErrorException: Unknown column 'state' in 'where clause'] with root cause
java.sql.SQLSyntaxErrorException: Unknown column 'state' in 'where clause'
	at com.mysql.cj.jdbc.exceptions.SQLError.createSQLException(SQLError.java:120)
	at com.mysql.cj.jdbc.exceptions.SQLError.createSQLException(SQLError.java:97)
	at com.mysql.cj.jdbc.exceptions.SQLExceptionsMapping.translateException(SQLExceptionsMapping.java:122)
	at com.mysql.cj.jdbc.ClientPreparedStatement.executeInternal(ClientPreparedStatement.java:970)
	at com.mysql.cj.jdbc.ClientPreparedStatement.execute(ClientPreparedStatement.java:387)
	at com.alibaba.druid.filter.FilterChainImpl.preparedStatement_execute(FilterChainImpl.java:3409)
	at com.alibaba.druid.filter.FilterEventAdapter.preparedStatement_execute(FilterEventAdapter.java:440)
	at com.alibaba.druid.filter.FilterChainImpl.preparedStatement_execute(FilterChainImpl.java:3407)
	at com.alibaba.druid.proxy.jdbc.PreparedStatementProxyImpl.execute(PreparedStatementProxyImpl.java:167)
	at com.alibaba.druid.pool.DruidPooledPreparedStatement.execute(DruidPooledPreparedStatement.java:498)
	at org.apache.ibatis.executor.statement.PreparedStatementHandler.query(PreparedStatementHandler.java:63)
	at org.apache.ibatis.executor.statement.RoutingStatementHandler.query(RoutingStatementHandler.java:79)
	at org.apache.ibatis.executor.SimpleExecutor.doQuery(SimpleExecutor.java:63)
	at org.apache.ibatis.executor.BaseExecutor.queryFromDatabase(BaseExecutor.java:326)
	at org.apache.ibatis.executor.BaseExecutor.query(BaseExecutor.java:156)
	at org.apache.ibatis.executor.CachingExecutor.query(CachingExecutor.java:109)
	at com.github.pagehelper.PageInterceptor.intercept(PageInterceptor.java:108)
	at org.apache.ibatis.plugin.Plugin.invoke(Plugin.java:61)
	at com.sun.proxy.$Proxy121.query(Unknown Source)
	at org.apache.ibatis.session.defaults.DefaultSqlSession.selectList(DefaultSqlSession.java:148)
	at org.apache.ibatis.session.defaults.DefaultSqlSession.selectList(DefaultSqlSession.java:141)
	at sun.reflect.NativeMethodAccessorImpl.invoke0(Native Method)
	at sun.reflect.NativeMethodAccessorImpl.invoke(NativeMethodAccessorImpl.java:62)
	at sun.reflect.DelegatingMethodAccessorImpl.invoke(DelegatingMethodAccessorImpl.java:43)
	at java.lang.reflect.Method.invoke(Method.java:498)
	at org.mybatis.spring.SqlSessionTemplate$SqlSessionInterceptor.invoke(SqlSessionTemplate.java:433)
	at com.sun.proxy.$Proxy89.selectList(Unknown Source)
	at org.mybatis.spring.SqlSessionTemplate.selectList(SqlSessionTemplate.java:230)
	at org.apache.ibatis.binding.MapperMethod.executeForMany(MapperMethod.java:139)
	at org.apache.ibatis.binding.MapperMethod.execute(MapperMethod.java:76)
	at org.apache.ibatis.binding.MapperProxy.invoke(MapperProxy.java:59)
	at com.sun.proxy.$Proxy90.findAll(Unknown Source)
	at com.ke.mall.service.impl.PmsBrandService.listAllBrand(PmsBrandService.java:29)
	at com.ke.mall.service.impl.PmsBrandService$$FastClassBySpringCGLIB$$204e6662.invoke(<generated>)
	at org.springframework.cglib.proxy.MethodProxy.invoke(MethodProxy.java:218)
	at org.springframework.aop.framework.CglibAopProxy$DynamicAdvisedInterceptor.intercept(CglibAopProxy.java:685)
	at com.ke.mall.service.impl.PmsBrandService$$EnhancerBySpringCGLIB$$10aa8ea4.listAllBrand(<generated>)
	at com.ke.mall.controller.PmsBrandController.getBrandList(PmsBrandController.java:34)
	at sun.reflect.NativeMethodAccessorImpl.invoke0(Native Method)
	at sun.reflect.NativeMethodAccessorImpl.invoke(NativeMethodAccessorImpl.java:62)
	at sun.reflect.DelegatingMethodAccessorImpl.invoke(DelegatingMethodAccessorImpl.java:43)
	at java.lang.reflect.Method.invoke(Method.java:498)
	at org.springframework.web.method.support.InvocableHandlerMethod.doInvoke(InvocableHandlerMethod.java:190)
	at org.springframework.web.method.support.InvocableHandlerMethod.invokeForRequest(InvocableHandlerMethod.java:138)
	at org.springframework.web.servlet.mvc.method.annotation.ServletInvocableHandlerMethod.invokeAndHandle(ServletInvocableHandlerMethod.java:105)
	at org.springframework.web.servlet.mvc.method.annotation.RequestMappingHandlerAdapter.invokeHandlerMethod(RequestMappingHandlerAdapter.java:893)
	at org.springframework.web.servlet.mvc.method.annotation.RequestMappingHandlerAdapter.handleInternal(RequestMappingHandlerAdapter.java:798)
	at org.springframework.web.servlet.mvc.method.AbstractHandlerMethodAdapter.handle(AbstractHandlerMethodAdapter.java:87)
	at org.springframework.web.servlet.DispatcherServlet.doDispatch(DispatcherServlet.java:1040)
	at org.springframework.web.servlet.DispatcherServlet.doService(DispatcherServlet.java:943)
	at org.springframework.web.servlet.FrameworkServlet.processRequest(FrameworkServlet.java:1006)
	at org.springframework.web.servlet.FrameworkServlet.doGet(FrameworkServlet.java:898)
	at javax.servlet.http.HttpServlet.service(HttpServlet.java:634)
	at org.springframework.web.servlet.FrameworkServlet.service(FrameworkServlet.java:883)
	at javax.servlet.http.HttpServlet.service(HttpServlet.java:741)
	at org.apache.catalina.core.ApplicationFilterChain.internalDoFilter(ApplicationFilterChain.java:231)
	at org.apache.catalina.core.ApplicationFilterChain.doFilter(ApplicationFilterChain.java:166)
	at org.apache.tomcat.websocket.server.WsFilter.doFilter(WsFilter.java:53)
	at org.apache.catalina.core.ApplicationFilterChain.internalDoFilter(ApplicationFilterChain.java:193)
	at org.apache.catalina.core.ApplicationFilterChain.doFilter(ApplicationFilterChain.java:166)
	at com.alibaba.druid.support.http.WebStatFilter.doFilter(WebStatFilter.java:123)
	at org.apache.catalina.core.ApplicationFilterChain.internalDoFilter(ApplicationFilterChain.java:193)
	at org.apache.catalina.core.ApplicationFilterChain.doFilter(ApplicationFilterChain.java:166)
	at org.springframework.web.filter.RequestContextFilter.doFilterInternal(RequestContextFilter.java:100)
	at org.springframework.web.filter.OncePerRequestFilter.doFilter(OncePerRequestFilter.java:119)
	at org.apache.catalina.core.ApplicationFilterChain.internalDoFilter(ApplicationFilterChain.java:193)
	at org.apache.catalina.core.ApplicationFilterChain.doFilter(ApplicationFilterChain.java:166)
	at org.springframework.web.filter.FormContentFilter.doFilterInternal(FormContentFilter.java:93)
	at org.springframework.web.filter.OncePerRequestFilter.doFilter(OncePerRequestFilter.java:119)
	at org.apache.catalina.core.ApplicationFilterChain.internalDoFilter(ApplicationFilterChain.java:193)
	at org.apache.catalina.core.ApplicationFilterChain.doFilter(ApplicationFilterChain.java:166)
	at org.springframework.web.filter.HiddenHttpMethodFilter.doFilterInternal(HiddenHttpMethodFilter.java:94)
	at org.springframework.web.filter.OncePerRequestFilter.doFilter(OncePerRequestFilter.java:119)
	at org.apache.catalina.core.ApplicationFilterChain.internalDoFilter(ApplicationFilterChain.java:193)
	at org.apache.catalina.core.ApplicationFilterChain.doFilter(ApplicationFilterChain.java:166)
	at org.springframework.web.filter.CharacterEncodingFilter.doFilterInternal(CharacterEncodingFilter.java:201)
	at org.springframework.web.filter.OncePerRequestFilter.doFilter(OncePerRequestFilter.java:119)
	at org.apache.catalina.core.ApplicationFilterChain.internalDoFilter(ApplicationFilterChain.java:193)
	at org.apache.catalina.core.ApplicationFilterChain.doFilter(ApplicationFilterChain.java:166)
	at org.apache.catalina.core.StandardWrapperValve.invoke(StandardWrapperValve.java:202)
	at org.apache.catalina.core.StandardContextValve.invoke(StandardContextValve.java:96)
	at org.apache.catalina.authenticator.AuthenticatorBase.invoke(AuthenticatorBase.java:541)
	at org.apache.catalina.core.StandardHostValve.invoke(StandardHostValve.java:139)
	at org.apache.catalina.valves.ErrorReportValve.invoke(ErrorReportValve.java:92)
	at org.apache.catalina.core.StandardEngineValve.invoke(StandardEngineValve.java:74)
	at org.apache.catalina.connector.CoyoteAdapter.service(CoyoteAdapter.java:343)
	at org.apache.coyote.http11.Http11Processor.service(Http11Processor.java:367)
	at org.apache.coyote.AbstractProcessorLight.process(AbstractProcessorLight.java:65)
	at org.apache.coyote.AbstractProtocol$ConnectionHandler.process(AbstractProtocol.java:860)
	at org.apache.tomcat.util.net.NioEndpoint$SocketProcessor.doRun(NioEndpoint.java:1598)
	at org.apache.tomcat.util.net.SocketProcessorBase.run(SocketProcessorBase.java:49)
	at java.util.concurrent.ThreadPoolExecutor.runWorker(ThreadPoolExecutor.java:1149)
	at java.util.concurrent.ThreadPoolExecutor$Worker.run(ThreadPoolExecutor.java:624)
	at org.apache.tomcat.util.threads.TaskThread$WrappingRunnable.run(TaskThread.java:61)
	at java.lang.Thread.run(Thread.java:748)
2020-08-23 18:04:43.229 [- | Thread-9] INFO  o.s.s.c.ThreadPoolTaskScheduler - Shutting down ExecutorService 'taskScheduler'
2020-08-23 18:04:43.231 [- | Thread-9] INFO  o.s.s.c.ThreadPoolTaskExecutor - Shutting down ExecutorService 'applicationTaskExecutor'
2020-08-23 18:04:43.234 [- | Thread-9] INFO  c.alibaba.druid.pool.DruidDataSource - {dataSource-1} closed
2020-08-23 18:06:47.095 [- | main] INFO  com.ke.mall.MallApplication - Starting MallApplication on DESKTOP-QI3QRJF with PID 9856 (D:\Java-0912\mall\target\classes started by ningwang in D:\Java-0912\mall)
2020-08-23 18:06:47.099 [- | main] INFO  com.ke.mall.MallApplication - No active profile set, falling back to default profiles: default
2020-08-23 18:06:47.890 [- | main] INFO  o.s.d.r.c.RepositoryConfigurationDelegate - Multiple Spring Data modules found, entering strict repository configuration mode!
2020-08-23 18:06:47.892 [- | main] INFO  o.s.d.r.c.RepositoryConfigurationDelegate - Bootstrapping Spring Data Redis repositories in DEFAULT mode.
2020-08-23 18:06:47.918 [- | main] INFO  o.s.d.r.c.RepositoryConfigurationDelegate - Finished Spring Data repository scanning in 15ms. Found 0 Redis repository interfaces.
2020-08-23 18:06:48.181 [- | main] INFO  o.s.c.s.PostProcessorRegistrationDelegate$BeanPostProcessorChecker - Bean 'org.springframework.kafka.annotation.KafkaBootstrapConfiguration' of type [org.springframework.kafka.annotation.KafkaBootstrapConfiguration$$EnhancerBySpringCGLIB$$10efc225] is not eligible for getting processed by all BeanPostProcessors (for example: not eligible for auto-proxying)
2020-08-23 18:06:48.211 [- | main] INFO  o.s.c.s.PostProcessorRegistrationDelegate$BeanPostProcessorChecker - Bean 'org.springframework.transaction.annotation.ProxyTransactionManagementConfiguration' of type [org.springframework.transaction.annotation.ProxyTransactionManagementConfiguration$$EnhancerBySpringCGLIB$$3d3db0a2] is not eligible for getting processed by all BeanPostProcessors (for example: not eligible for auto-proxying)
2020-08-23 18:06:48.421 [- | main] INFO  o.s.b.w.e.tomcat.TomcatWebServer - Tomcat initialized with port(s): 8082 (http)
2020-08-23 18:06:48.431 [- | main] INFO  o.a.coyote.http11.Http11NioProtocol - Initializing ProtocolHandler ["http-nio-8082"]
2020-08-23 18:06:48.438 [- | main] INFO  o.a.catalina.core.StandardService - Starting service [Tomcat]
2020-08-23 18:06:48.438 [- | main] INFO  o.a.catalina.core.StandardEngine - Starting Servlet engine: [Apache Tomcat/9.0.30]
2020-08-23 18:06:48.585 [- | main] INFO  o.a.c.c.C.[Tomcat].[localhost].[/] - Initializing Spring embedded WebApplicationContext
2020-08-23 18:06:48.585 [- | main] INFO  o.s.web.context.ContextLoader - Root WebApplicationContext: initialization completed in 1438 ms
2020-08-23 18:06:48.828 [- | main] INFO  c.a.d.s.b.a.DruidDataSourceAutoConfigure - Init DruidDataSource
2020-08-23 18:06:48.935 [- | main] INFO  c.alibaba.druid.pool.DruidDataSource - {dataSource-1} inited
2020-08-23 18:06:49.381 [- | main] INFO  s.d.s.w.PropertySourcedRequestMappingHandlerMapping - Mapped URL path [/v2/api-docs] onto method [public org.springframework.http.ResponseEntity<springfox.documentation.spring.web.json.Json> springfox.documentation.swagger2.web.Swagger2Controller.getDocumentation(java.lang.String,javax.servlet.http.HttpServletRequest)]
2020-08-23 18:06:49.488 [- | main] INFO  o.s.s.c.ThreadPoolTaskExecutor - Initializing ExecutorService 'applicationTaskExecutor'
2020-08-23 18:06:49.858 [- | main] INFO  o.s.s.c.ThreadPoolTaskScheduler - Initializing ExecutorService 'taskScheduler'
2020-08-23 18:06:49.940 [- | main] INFO  s.d.s.w.p.DocumentationPluginsBootstrapper - Context refreshed
2020-08-23 18:06:49.951 [- | main] INFO  s.d.s.w.p.DocumentationPluginsBootstrapper - Found 1 custom documentation plugin(s)
2020-08-23 18:06:49.981 [- | main] INFO  s.d.s.w.s.ApiListingReferenceScanner - Scanning for api listing references
2020-08-23 18:06:50.145 [- | main] INFO  s.d.s.w.r.o.CachingOperationNameGenerator - Generating unique operation named: test2UsingGET_1
2020-08-23 18:06:50.167 [- | main] INFO  o.a.coyote.http11.Http11NioProtocol - Starting ProtocolHandler ["http-nio-8082"]
2020-08-23 18:06:50.186 [- | main] INFO  o.s.b.w.e.tomcat.TomcatWebServer - Tomcat started on port(s): 8082 (http) with context path ''
2020-08-23 18:06:50.189 [- | main] INFO  com.ke.mall.MallApplication - Started MallApplication in 3.64 seconds (JVM running for 4.421)
2020-08-23 18:06:56.413 [- | http-nio-8082-exec-1] INFO  o.a.c.c.C.[Tomcat].[localhost].[/] - Initializing Spring DispatcherServlet 'dispatcherServlet'
2020-08-23 18:06:56.414 [- | http-nio-8082-exec-1] INFO  o.s.web.servlet.DispatcherServlet - Initializing Servlet 'dispatcherServlet'
2020-08-23 18:06:56.421 [- | http-nio-8082-exec-1] INFO  o.s.web.servlet.DispatcherServlet - Completed initialization in 7 ms
2020-08-23 18:07:36.371 [- | Thread-9] INFO  o.s.s.c.ThreadPoolTaskScheduler - Shutting down ExecutorService 'taskScheduler'
2020-08-23 18:07:36.372 [- | Thread-9] INFO  o.s.s.c.ThreadPoolTaskExecutor - Shutting down ExecutorService 'applicationTaskExecutor'
2020-08-23 18:07:36.374 [- | Thread-9] INFO  c.alibaba.druid.pool.DruidDataSource - {dataSource-1} closed
2020-08-23 18:17:32.389 [- | main] INFO  com.ke.mall.MallApplication - Starting MallApplication on DESKTOP-QI3QRJF with PID 9000 (D:\Java-0912\mall\target\classes started by ningwang in D:\Java-0912\mall)
2020-08-23 18:17:32.393 [- | main] INFO  com.ke.mall.MallApplication - No active profile set, falling back to default profiles: default
2020-08-23 18:17:33.102 [- | main] INFO  o.s.d.r.c.RepositoryConfigurationDelegate - Multiple Spring Data modules found, entering strict repository configuration mode!
2020-08-23 18:17:33.104 [- | main] INFO  o.s.d.r.c.RepositoryConfigurationDelegate - Bootstrapping Spring Data Redis repositories in DEFAULT mode.
2020-08-23 18:17:33.138 [- | main] INFO  o.s.d.r.c.RepositoryConfigurationDelegate - Finished Spring Data repository scanning in 13ms. Found 0 Redis repository interfaces.
2020-08-23 18:17:33.406 [- | main] INFO  o.s.c.s.PostProcessorRegistrationDelegate$BeanPostProcessorChecker - Bean 'org.springframework.kafka.annotation.KafkaBootstrapConfiguration' of type [org.springframework.kafka.annotation.KafkaBootstrapConfiguration$$EnhancerBySpringCGLIB$$b212ea04] is not eligible for getting processed by all BeanPostProcessors (for example: not eligible for auto-proxying)
2020-08-23 18:17:33.439 [- | main] INFO  o.s.c.s.PostProcessorRegistrationDelegate$BeanPostProcessorChecker - Bean 'org.springframework.transaction.annotation.ProxyTransactionManagementConfiguration' of type [org.springframework.transaction.annotation.ProxyTransactionManagementConfiguration$$EnhancerBySpringCGLIB$$de60d881] is not eligible for getting processed by all BeanPostProcessors (for example: not eligible for auto-proxying)
2020-08-23 18:17:33.646 [- | main] INFO  o.s.b.w.e.tomcat.TomcatWebServer - Tomcat initialized with port(s): 8082 (http)
2020-08-23 18:17:33.657 [- | main] INFO  o.a.coyote.http11.Http11NioProtocol - Initializing ProtocolHandler ["http-nio-8082"]
2020-08-23 18:17:33.663 [- | main] INFO  o.a.catalina.core.StandardService - Starting service [Tomcat]
2020-08-23 18:17:33.663 [- | main] INFO  o.a.catalina.core.StandardEngine - Starting Servlet engine: [Apache Tomcat/9.0.30]
2020-08-23 18:17:33.813 [- | main] INFO  o.a.c.c.C.[Tomcat].[localhost].[/] - Initializing Spring embedded WebApplicationContext
2020-08-23 18:17:33.813 [- | main] INFO  o.s.web.context.ContextLoader - Root WebApplicationContext: initialization completed in 1375 ms
2020-08-23 18:17:34.049 [- | main] INFO  c.a.d.s.b.a.DruidDataSourceAutoConfigure - Init DruidDataSource
2020-08-23 18:17:34.143 [- | main] INFO  c.alibaba.druid.pool.DruidDataSource - {dataSource-1} inited
2020-08-23 18:17:34.639 [- | main] INFO  s.d.s.w.PropertySourcedRequestMappingHandlerMapping - Mapped URL path [/v2/api-docs] onto method [public org.springframework.http.ResponseEntity<springfox.documentation.spring.web.json.Json> springfox.documentation.swagger2.web.Swagger2Controller.getDocumentation(java.lang.String,javax.servlet.http.HttpServletRequest)]
2020-08-23 18:17:34.744 [- | main] INFO  o.s.s.c.ThreadPoolTaskExecutor - Initializing ExecutorService 'applicationTaskExecutor'
2020-08-23 18:17:35.126 [- | main] INFO  o.s.s.c.ThreadPoolTaskScheduler - Initializing ExecutorService 'taskScheduler'
2020-08-23 18:17:35.205 [- | main] INFO  s.d.s.w.p.DocumentationPluginsBootstrapper - Context refreshed
2020-08-23 18:17:35.216 [- | main] INFO  s.d.s.w.p.DocumentationPluginsBootstrapper - Found 1 custom documentation plugin(s)
2020-08-23 18:17:35.245 [- | main] INFO  s.d.s.w.s.ApiListingReferenceScanner - Scanning for api listing references
2020-08-23 18:17:35.412 [- | main] INFO  s.d.s.w.r.o.CachingOperationNameGenerator - Generating unique operation named: test2UsingGET_1
2020-08-23 18:17:35.434 [- | main] INFO  o.a.coyote.http11.Http11NioProtocol - Starting ProtocolHandler ["http-nio-8082"]
2020-08-23 18:17:35.452 [- | main] INFO  o.s.b.w.e.tomcat.TomcatWebServer - Tomcat started on port(s): 8082 (http) with context path ''
2020-08-23 18:17:35.454 [- | main] INFO  com.ke.mall.MallApplication - Started MallApplication in 3.55 seconds (JVM running for 4.272)
2020-08-23 18:17:41.017 [- | http-nio-8082-exec-1] INFO  o.a.c.c.C.[Tomcat].[localhost].[/] - Initializing Spring DispatcherServlet 'dispatcherServlet'
2020-08-23 18:17:41.017 [- | http-nio-8082-exec-1] INFO  o.s.web.servlet.DispatcherServlet - Initializing Servlet 'dispatcherServlet'
2020-08-23 18:17:41.026 [- | http-nio-8082-exec-1] INFO  o.s.web.servlet.DispatcherServlet - Completed initialization in 9 ms
2020-08-23 18:18:35.422 [- | Thread-9] INFO  o.s.s.c.ThreadPoolTaskScheduler - Shutting down ExecutorService 'taskScheduler'
2020-08-23 18:18:35.424 [- | Thread-9] INFO  o.s.s.c.ThreadPoolTaskExecutor - Shutting down ExecutorService 'applicationTaskExecutor'
2020-08-23 18:18:35.427 [- | Thread-9] INFO  c.alibaba.druid.pool.DruidDataSource - {dataSource-1} closed
2020-08-23 18:24:48.684 [- | main] INFO  com.ke.mall.MallApplicationTests - Starting MallApplicationTests on DESKTOP-QI3QRJF with PID 10748 (started by ningwang in D:\Java-0912\mall)
2020-08-23 18:24:48.685 [- | main] INFO  com.ke.mall.MallApplicationTests - No active profile set, falling back to default profiles: default
2020-08-23 18:24:49.604 [- | main] INFO  o.s.d.r.c.RepositoryConfigurationDelegate - Multiple Spring Data modules found, entering strict repository configuration mode!
2020-08-23 18:24:49.608 [- | main] INFO  o.s.d.r.c.RepositoryConfigurationDelegate - Bootstrapping Spring Data Redis repositories in DEFAULT mode.
2020-08-23 18:24:49.644 [- | main] INFO  o.s.d.r.c.RepositoryConfigurationDelegate - Finished Spring Data repository scanning in 21ms. Found 0 Redis repository interfaces.
2020-08-23 18:24:50.021 [- | main] INFO  o.s.c.s.PostProcessorRegistrationDelegate$BeanPostProcessorChecker - Bean 'org.springframework.kafka.annotation.KafkaBootstrapConfiguration' of type [org.springframework.kafka.annotation.KafkaBootstrapConfiguration$$EnhancerBySpringCGLIB$$98e1aafc] is not eligible for getting processed by all BeanPostProcessors (for example: not eligible for auto-proxying)
2020-08-23 18:24:50.054 [- | main] INFO  o.s.c.s.PostProcessorRegistrationDelegate$BeanPostProcessorChecker - Bean 'org.springframework.transaction.annotation.ProxyTransactionManagementConfiguration' of type [org.springframework.transaction.annotation.ProxyTransactionManagementConfiguration$$EnhancerBySpringCGLIB$$c52f9979] is not eligible for getting processed by all BeanPostProcessors (for example: not eligible for auto-proxying)
2020-08-23 18:24:50.511 [- | main] INFO  c.a.d.s.b.a.DruidDataSourceAutoConfigure - Init DruidDataSource
2020-08-23 18:24:50.666 [- | main] INFO  c.alibaba.druid.pool.DruidDataSource - {dataSource-1} inited
2020-08-23 18:24:51.559 [- | main] INFO  s.d.s.w.PropertySourcedRequestMappingHandlerMapping - Mapped URL path [/v2/api-docs] onto method [public org.springframework.http.ResponseEntity<springfox.documentation.spring.web.json.Json> springfox.documentation.swagger2.web.Swagger2Controller.getDocumentation(java.lang.String,javax.servlet.http.HttpServletRequest)]
2020-08-23 18:24:52.049 [- | main] INFO  o.s.s.c.ThreadPoolTaskExecutor - Initializing ExecutorService 'applicationTaskExecutor'
2020-08-23 18:24:52.995 [- | main] INFO  o.s.s.c.ThreadPoolTaskScheduler - Initializing ExecutorService 'taskScheduler'
2020-08-23 18:24:53.077 [- | main] INFO  s.d.s.w.p.DocumentationPluginsBootstrapper - Context refreshed
2020-08-23 18:24:53.102 [- | main] INFO  s.d.s.w.p.DocumentationPluginsBootstrapper - Found 1 custom documentation plugin(s)
2020-08-23 18:24:53.138 [- | main] INFO  s.d.s.w.s.ApiListingReferenceScanner - Scanning for api listing references
2020-08-23 18:24:53.348 [- | main] INFO  s.d.s.w.r.o.CachingOperationNameGenerator - Generating unique operation named: test2UsingGET_1
2020-08-23 18:24:53.377 [- | main] INFO  com.ke.mall.MallApplicationTests - Started MallApplicationTests in 5.303 seconds (JVM running for 6.101)
2020-08-23 18:24:53.444 [- | main] ERROR o.s.test.context.TestContextManager - Caught exception while allowing TestExecutionListener [org.springframework.boot.test.autoconfigure.SpringBootDependencyInjectionTestExecutionListener@1aafa419] to prepare test instance [com.ke.mall.MallApplicationTests@5432dca2]
org.springframework.beans.factory.UnsatisfiedDependencyException: Error creating bean with name 'com.ke.mall.MallApplicationTests': Unsatisfied dependency expressed through field 'restTemplate'; nested exception is org.springframework.beans.factory.NoSuchBeanDefinitionException: No qualifying bean of type 'org.springframework.boot.test.web.client.TestRestTemplate' available: expected at least 1 bean which qualifies as autowire candidate. Dependency annotations: {@org.springframework.beans.factory.annotation.Autowired(required=true)}
	at org.springframework.beans.factory.annotation.AutowiredAnnotationBeanPostProcessor$AutowiredFieldElement.inject(AutowiredAnnotationBeanPostProcessor.java:598)
	at org.springframework.beans.factory.annotation.InjectionMetadata.inject(InjectionMetadata.java:90)
	at org.springframework.beans.factory.annotation.AutowiredAnnotationBeanPostProcessor.postProcessProperties(AutowiredAnnotationBeanPostProcessor.java:376)
	at org.springframework.beans.factory.support.AbstractAutowireCapableBeanFactory.populateBean(AbstractAutowireCapableBeanFactory.java:1404)
	at org.springframework.beans.factory.support.AbstractAutowireCapableBeanFactory.autowireBeanProperties(AbstractAutowireCapableBeanFactory.java:391)
	at org.springframework.test.context.support.DependencyInjectionTestExecutionListener.injectDependencies(DependencyInjectionTestExecutionListener.java:119)
	at org.springframework.test.context.support.DependencyInjectionTestExecutionListener.prepareTestInstance(DependencyInjectionTestExecutionListener.java:83)
	at org.springframework.boot.test.autoconfigure.SpringBootDependencyInjectionTestExecutionListener.prepareTestInstance(SpringBootDependencyInjectionTestExecutionListener.java:43)
	at org.springframework.test.context.TestContextManager.prepareTestInstance(TestContextManager.java:246)
	at org.springframework.test.context.junit4.SpringJUnit4ClassRunner.createTest(SpringJUnit4ClassRunner.java:227)
	at org.springframework.test.context.junit4.SpringJUnit4ClassRunner$1.runReflectiveCall(SpringJUnit4ClassRunner.java:289)
	at org.junit.internal.runners.model.ReflectiveCallable.run(ReflectiveCallable.java:12)
	at org.springframework.test.context.junit4.SpringJUnit4ClassRunner.methodBlock(SpringJUnit4ClassRunner.java:291)
	at org.springframework.test.context.junit4.SpringJUnit4ClassRunner.runChild(SpringJUnit4ClassRunner.java:246)
	at org.springframework.test.context.junit4.SpringJUnit4ClassRunner.runChild(SpringJUnit4ClassRunner.java:97)
	at org.junit.runners.ParentRunner$3.run(ParentRunner.java:290)
	at org.junit.runners.ParentRunner$1.schedule(ParentRunner.java:71)
	at org.junit.runners.ParentRunner.runChildren(ParentRunner.java:288)
	at org.junit.runners.ParentRunner.access$000(ParentRunner.java:58)
	at org.junit.runners.ParentRunner$2.evaluate(ParentRunner.java:268)
	at org.springframework.test.context.junit4.statements.RunBeforeTestClassCallbacks.evaluate(RunBeforeTestClassCallbacks.java:61)
	at org.springframework.test.context.junit4.statements.RunAfterTestClassCallbacks.evaluate(RunAfterTestClassCallbacks.java:70)
	at org.junit.runners.ParentRunner.run(ParentRunner.java:363)
	at org.springframework.test.context.junit4.SpringJUnit4ClassRunner.run(SpringJUnit4ClassRunner.java:190)
	at org.junit.runner.JUnitCore.run(JUnitCore.java:137)
	at com.intellij.junit4.JUnit4IdeaTestRunner.startRunnerWithArgs(JUnit4IdeaTestRunner.java:68)
	at com.intellij.rt.execution.junit.IdeaTestRunner$Repeater.startRunnerWithArgs(IdeaTestRunner.java:47)
	at com.intellij.rt.execution.junit.JUnitStarter.prepareStreamsAndStart(JUnitStarter.java:242)
	at com.intellij.rt.execution.junit.JUnitStarter.main(JUnitStarter.java:70)
Caused by: org.springframework.beans.factory.NoSuchBeanDefinitionException: No qualifying bean of type 'org.springframework.boot.test.web.client.TestRestTemplate' available: expected at least 1 bean which qualifies as autowire candidate. Dependency annotations: {@org.springframework.beans.factory.annotation.Autowired(required=true)}
	at org.springframework.beans.factory.support.DefaultListableBeanFactory.raiseNoMatchingBeanFound(DefaultListableBeanFactory.java:1662)
	at org.springframework.beans.factory.support.DefaultListableBeanFactory.doResolveDependency(DefaultListableBeanFactory.java:1221)
	at org.springframework.beans.factory.support.DefaultListableBeanFactory.resolveDependency(DefaultListableBeanFactory.java:1175)
	at org.springframework.beans.factory.annotation.AutowiredAnnotationBeanPostProcessor$AutowiredFieldElement.inject(AutowiredAnnotationBeanPostProcessor.java:595)
	... 28 common frames omitted
2020-08-23 18:24:53.462 [- | Thread-2] INFO  o.s.s.c.ThreadPoolTaskScheduler - Shutting down ExecutorService 'taskScheduler'
2020-08-23 18:24:53.464 [- | Thread-2] INFO  o.s.s.c.ThreadPoolTaskExecutor - Shutting down ExecutorService 'applicationTaskExecutor'
2020-08-23 18:24:53.467 [- | Thread-2] INFO  c.alibaba.druid.pool.DruidDataSource - {dataSource-1} closed
2020-08-23 18:32:16.634 [- | main] INFO  com.ke.mall.MallApplicationTests - Starting MallApplicationTests on DESKTOP-QI3QRJF with PID 5632 (started by ningwang in D:\Java-0912\mall)
2020-08-23 18:32:16.634 [- | main] INFO  com.ke.mall.MallApplicationTests - No active profile set, falling back to default profiles: default
2020-08-23 18:32:17.756 [- | main] INFO  o.s.d.r.c.RepositoryConfigurationDelegate - Multiple Spring Data modules found, entering strict repository configuration mode!
2020-08-23 18:32:17.759 [- | main] INFO  o.s.d.r.c.RepositoryConfigurationDelegate - Bootstrapping Spring Data Redis repositories in DEFAULT mode.
2020-08-23 18:32:17.788 [- | main] INFO  o.s.d.r.c.RepositoryConfigurationDelegate - Finished Spring Data repository scanning in 17ms. Found 0 Redis repository interfaces.
2020-08-23 18:32:18.197 [- | main] INFO  o.s.c.s.PostProcessorRegistrationDelegate$BeanPostProcessorChecker - Bean 'org.springframework.kafka.annotation.KafkaBootstrapConfiguration' of type [org.springframework.kafka.annotation.KafkaBootstrapConfiguration$$EnhancerBySpringCGLIB$$983298c] is not eligible for getting processed by all BeanPostProcessors (for example: not eligible for auto-proxying)
2020-08-23 18:32:18.226 [- | main] INFO  o.s.c.s.PostProcessorRegistrationDelegate$BeanPostProcessorChecker - Bean 'org.springframework.transaction.annotation.ProxyTransactionManagementConfiguration' of type [org.springframework.transaction.annotation.ProxyTransactionManagementConfiguration$$EnhancerBySpringCGLIB$$35d11809] is not eligible for getting processed by all BeanPostProcessors (for example: not eligible for auto-proxying)
2020-08-23 18:32:18.708 [- | main] INFO  c.a.d.s.b.a.DruidDataSourceAutoConfigure - Init DruidDataSource
2020-08-23 18:32:18.861 [- | main] INFO  c.alibaba.druid.pool.DruidDataSource - {dataSource-1} inited
2020-08-23 18:32:19.750 [- | main] INFO  s.d.s.w.PropertySourcedRequestMappingHandlerMapping - Mapped URL path [/v2/api-docs] onto method [public org.springframework.http.ResponseEntity<springfox.documentation.spring.web.json.Json> springfox.documentation.swagger2.web.Swagger2Controller.getDocumentation(java.lang.String,javax.servlet.http.HttpServletRequest)]
2020-08-23 18:32:20.286 [- | main] INFO  o.s.s.c.ThreadPoolTaskExecutor - Initializing ExecutorService 'applicationTaskExecutor'
2020-08-23 18:32:21.196 [- | main] INFO  o.s.s.c.ThreadPoolTaskScheduler - Initializing ExecutorService 'taskScheduler'
2020-08-23 18:32:21.282 [- | main] INFO  s.d.s.w.p.DocumentationPluginsBootstrapper - Context refreshed
2020-08-23 18:32:21.301 [- | main] INFO  s.d.s.w.p.DocumentationPluginsBootstrapper - Found 1 custom documentation plugin(s)
2020-08-23 18:32:21.334 [- | main] INFO  s.d.s.w.s.ApiListingReferenceScanner - Scanning for api listing references
2020-08-23 18:32:21.529 [- | main] INFO  s.d.s.w.r.o.CachingOperationNameGenerator - Generating unique operation named: test2UsingGET_1
2020-08-23 18:32:21.553 [- | main] INFO  com.ke.mall.MallApplicationTests - Started MallApplicationTests in 5.507 seconds (JVM running for 6.277)
2020-08-23 18:32:21.592 [- | main] ERROR o.s.test.context.TestContextManager - Caught exception while allowing TestExecutionListener [org.springframework.boot.test.autoconfigure.SpringBootDependencyInjectionTestExecutionListener@1aafa419] to prepare test instance [com.ke.mall.MallApplicationTests@64420e34]
org.springframework.beans.factory.UnsatisfiedDependencyException: Error creating bean with name 'com.ke.mall.MallApplicationTests': Unsatisfied dependency expressed through field 'restTemplate'; nested exception is org.springframework.beans.factory.NoSuchBeanDefinitionException: No qualifying bean of type 'org.springframework.boot.test.web.client.TestRestTemplate' available: expected at least 1 bean which qualifies as autowire candidate. Dependency annotations: {@org.springframework.beans.factory.annotation.Autowired(required=true)}
	at org.springframework.beans.factory.annotation.AutowiredAnnotationBeanPostProcessor$AutowiredFieldElement.inject(AutowiredAnnotationBeanPostProcessor.java:598)
	at org.springframework.beans.factory.annotation.InjectionMetadata.inject(InjectionMetadata.java:90)
	at org.springframework.beans.factory.annotation.AutowiredAnnotationBeanPostProcessor.postProcessProperties(AutowiredAnnotationBeanPostProcessor.java:376)
	at org.springframework.beans.factory.support.AbstractAutowireCapableBeanFactory.populateBean(AbstractAutowireCapableBeanFactory.java:1404)
	at org.springframework.beans.factory.support.AbstractAutowireCapableBeanFactory.autowireBeanProperties(AbstractAutowireCapableBeanFactory.java:391)
	at org.springframework.test.context.support.DependencyInjectionTestExecutionListener.injectDependencies(DependencyInjectionTestExecutionListener.java:119)
	at org.springframework.test.context.support.DependencyInjectionTestExecutionListener.prepareTestInstance(DependencyInjectionTestExecutionListener.java:83)
	at org.springframework.boot.test.autoconfigure.SpringBootDependencyInjectionTestExecutionListener.prepareTestInstance(SpringBootDependencyInjectionTestExecutionListener.java:43)
	at org.springframework.test.context.TestContextManager.prepareTestInstance(TestContextManager.java:246)
	at org.springframework.test.context.junit4.SpringJUnit4ClassRunner.createTest(SpringJUnit4ClassRunner.java:227)
	at org.springframework.test.context.junit4.SpringJUnit4ClassRunner$1.runReflectiveCall(SpringJUnit4ClassRunner.java:289)
	at org.junit.internal.runners.model.ReflectiveCallable.run(ReflectiveCallable.java:12)
	at org.springframework.test.context.junit4.SpringJUnit4ClassRunner.methodBlock(SpringJUnit4ClassRunner.java:291)
	at org.springframework.test.context.junit4.SpringJUnit4ClassRunner.runChild(SpringJUnit4ClassRunner.java:246)
	at org.springframework.test.context.junit4.SpringJUnit4ClassRunner.runChild(SpringJUnit4ClassRunner.java:97)
	at org.junit.runners.ParentRunner$3.run(ParentRunner.java:290)
	at org.junit.runners.ParentRunner$1.schedule(ParentRunner.java:71)
	at org.junit.runners.ParentRunner.runChildren(ParentRunner.java:288)
	at org.junit.runners.ParentRunner.access$000(ParentRunner.java:58)
	at org.junit.runners.ParentRunner$2.evaluate(ParentRunner.java:268)
	at org.springframework.test.context.junit4.statements.RunBeforeTestClassCallbacks.evaluate(RunBeforeTestClassCallbacks.java:61)
	at org.springframework.test.context.junit4.statements.RunAfterTestClassCallbacks.evaluate(RunAfterTestClassCallbacks.java:70)
	at org.junit.runners.ParentRunner.run(ParentRunner.java:363)
	at org.springframework.test.context.junit4.SpringJUnit4ClassRunner.run(SpringJUnit4ClassRunner.java:190)
	at org.junit.runner.JUnitCore.run(JUnitCore.java:137)
	at com.intellij.junit4.JUnit4IdeaTestRunner.startRunnerWithArgs(JUnit4IdeaTestRunner.java:68)
	at com.intellij.rt.execution.junit.IdeaTestRunner$Repeater.startRunnerWithArgs(IdeaTestRunner.java:47)
	at com.intellij.rt.execution.junit.JUnitStarter.prepareStreamsAndStart(JUnitStarter.java:242)
	at com.intellij.rt.execution.junit.JUnitStarter.main(JUnitStarter.java:70)
Caused by: org.springframework.beans.factory.NoSuchBeanDefinitionException: No qualifying bean of type 'org.springframework.boot.test.web.client.TestRestTemplate' available: expected at least 1 bean which qualifies as autowire candidate. Dependency annotations: {@org.springframework.beans.factory.annotation.Autowired(required=true)}
	at org.springframework.beans.factory.support.DefaultListableBeanFactory.raiseNoMatchingBeanFound(DefaultListableBeanFactory.java:1662)
	at org.springframework.beans.factory.support.DefaultListableBeanFactory.doResolveDependency(DefaultListableBeanFactory.java:1221)
	at org.springframework.beans.factory.support.DefaultListableBeanFactory.resolveDependency(DefaultListableBeanFactory.java:1175)
	at org.springframework.beans.factory.annotation.AutowiredAnnotationBeanPostProcessor$AutowiredFieldElement.inject(AutowiredAnnotationBeanPostProcessor.java:595)
	... 28 common frames omitted
2020-08-23 18:32:21.609 [- | Thread-2] INFO  o.s.s.c.ThreadPoolTaskScheduler - Shutting down ExecutorService 'taskScheduler'
2020-08-23 18:32:21.612 [- | Thread-2] INFO  o.s.s.c.ThreadPoolTaskExecutor - Shutting down ExecutorService 'applicationTaskExecutor'
2020-08-23 18:32:21.615 [- | Thread-2] INFO  c.alibaba.druid.pool.DruidDataSource - {dataSource-1} closed
