2020-07-10 00:00:00.186 [- | kafka-producer-network-thread | producer-1] WARN  o.apache.kafka.clients.NetworkClient - [Producer clientId=producer-1] Connection to node 0 could not be established. Broker may not be available.
2020-07-10 00:00:02.477 [- | org.springframework.kafka.KafkaListenerEndpointContainer#0-0-C-1] WARN  o.apache.kafka.clients.NetworkClient - [Consumer clientId=consumer-2, groupId=mall] Connection to node 0 could not be established. Broker may not be available.
2020-07-10 00:00:03.209 [- | kafka-producer-network-thread | producer-1] WARN  o.apache.kafka.clients.NetworkClient - [Producer clientId=producer-1] Connection to node 0 could not be established. Broker may not be available.
2020-07-10 00:00:05.648 [- | org.springframework.kafka.KafkaListenerEndpointContainer#0-0-C-1] WARN  o.apache.kafka.clients.NetworkClient - [Consumer clientId=consumer-2, groupId=mall] Connection to node 0 could not be established. Broker may not be available.
2020-07-10 00:00:06.175 [- | kafka-producer-network-thread | producer-1] WARN  o.apache.kafka.clients.NetworkClient - [Producer clientId=producer-1] Connection to node 0 could not be established. Broker may not be available.
2020-07-10 00:00:08.517 [- | org.springframework.kafka.KafkaListenerEndpointContainer#0-0-C-1] WARN  o.apache.kafka.clients.NetworkClient - [Consumer clientId=consumer-2, groupId=mall] Connection to node 0 could not be established. Broker may not be available.
2020-07-10 00:00:09.296 [- | kafka-producer-network-thread | producer-1] WARN  o.apache.kafka.clients.NetworkClient - [Producer clientId=producer-1] Connection to node 0 could not be established. Broker may not be available.
2020-07-10 00:00:11.436 [- | org.springframework.kafka.KafkaListenerEndpointContainer#0-0-C-1] WARN  o.apache.kafka.clients.NetworkClient - [Consumer clientId=consumer-2, groupId=mall] Connection to node 0 could not be established. Broker may not be available.
2020-07-10 00:00:12.315 [- | kafka-producer-network-thread | producer-1] WARN  o.apache.kafka.clients.NetworkClient - [Producer clientId=producer-1] Connection to node 0 could not be established. Broker may not be available.
2020-07-10 00:00:14.355 [- | org.springframework.kafka.KafkaListenerEndpointContainer#0-0-C-1] WARN  o.apache.kafka.clients.NetworkClient - [Consumer clientId=consumer-2, groupId=mall] Connection to node 0 could not be established. Broker may not be available.
2020-07-10 00:00:15.385 [- | kafka-producer-network-thread | producer-1] WARN  o.apache.kafka.clients.NetworkClient - [Producer clientId=producer-1] Connection to node 0 could not be established. Broker may not be available.
2020-07-10 00:00:17.180 [- | org.springframework.kafka.KafkaListenerEndpointContainer#0-0-C-1] WARN  o.apache.kafka.clients.NetworkClient - [Consumer clientId=consumer-2, groupId=mall] Connection to node 0 could not be established. Broker may not be available.
2020-07-10 00:00:18.509 [- | kafka-producer-network-thread | producer-1] WARN  o.apache.kafka.clients.NetworkClient - [Producer clientId=producer-1] Connection to node 0 could not be established. Broker may not be available.
2020-07-10 00:00:20.300 [- | org.springframework.kafka.KafkaListenerEndpointContainer#0-0-C-1] WARN  o.apache.kafka.clients.NetworkClient - [Consumer clientId=consumer-2, groupId=mall] Connection to node 0 could not be established. Broker may not be available.
2020-07-10 00:00:21.528 [- | kafka-producer-network-thread | producer-1] WARN  o.apache.kafka.clients.NetworkClient - [Producer clientId=producer-1] Connection to node 0 could not be established. Broker may not be available.
2020-07-10 00:00:23.422 [- | org.springframework.kafka.KafkaListenerEndpointContainer#0-0-C-1] WARN  o.apache.kafka.clients.NetworkClient - [Consumer clientId=consumer-2, groupId=mall] Connection to node 0 could not be established. Broker may not be available.
2020-07-10 00:00:24.648 [- | kafka-producer-network-thread | producer-1] WARN  o.apache.kafka.clients.NetworkClient - [Producer clientId=producer-1] Connection to node 0 could not be established. Broker may not be available.
2020-07-10 00:00:26.289 [- | org.springframework.kafka.KafkaListenerEndpointContainer#0-0-C-1] WARN  o.apache.kafka.clients.NetworkClient - [Consumer clientId=consumer-2, groupId=mall] Connection to node 0 could not be established. Broker may not be available.
2020-07-10 00:00:27.870 [- | kafka-producer-network-thread | producer-1] WARN  o.apache.kafka.clients.NetworkClient - [Producer clientId=producer-1] Connection to node 0 could not be established. Broker may not be available.
2020-07-10 00:00:29.155 [- | org.springframework.kafka.KafkaListenerEndpointContainer#0-0-C-1] WARN  o.apache.kafka.clients.NetworkClient - [Consumer clientId=consumer-2, groupId=mall] Connection to node 0 could not be established. Broker may not be available.
2020-07-10 00:00:30.788 [- | kafka-producer-network-thread | producer-1] WARN  o.apache.kafka.clients.NetworkClient - [Producer clientId=producer-1] Connection to node 0 could not be established. Broker may not be available.
2020-07-10 00:00:32.086 [- | org.springframework.kafka.KafkaListenerEndpointContainer#0-0-C-1] WARN  o.apache.kafka.clients.NetworkClient - [Consumer clientId=consumer-2, groupId=mall] Connection to node 0 could not be established. Broker may not be available.
2020-07-10 00:00:33.908 [- | kafka-producer-network-thread | producer-1] WARN  o.apache.kafka.clients.NetworkClient - [Producer clientId=producer-1] Connection to node 0 could not be established. Broker may not be available.
2020-07-10 00:00:35.205 [- | org.springframework.kafka.KafkaListenerEndpointContainer#0-0-C-1] WARN  o.apache.kafka.clients.NetworkClient - [Consumer clientId=consumer-2, groupId=mall] Connection to node 0 could not be established. Broker may not be available.
2020-07-10 00:00:37.029 [- | kafka-producer-network-thread | producer-1] WARN  o.apache.kafka.clients.NetworkClient - [Producer clientId=producer-1] Connection to node 0 could not be established. Broker may not be available.
2020-07-10 00:00:38.224 [- | org.springframework.kafka.KafkaListenerEndpointContainer#0-0-C-1] WARN  o.apache.kafka.clients.NetworkClient - [Consumer clientId=consumer-2, groupId=mall] Connection to node 0 could not be established. Broker may not be available.
2020-07-10 00:00:40.200 [- | kafka-producer-network-thread | producer-1] WARN  o.apache.kafka.clients.NetworkClient - [Producer clientId=producer-1] Connection to node 0 could not be established. Broker may not be available.
2020-07-10 00:00:41.406 [- | org.springframework.kafka.KafkaListenerEndpointContainer#0-0-C-1] WARN  o.apache.kafka.clients.NetworkClient - [Consumer clientId=consumer-2, groupId=mall] Connection to node 0 could not be established. Broker may not be available.
2020-07-10 00:00:43.217 [- | kafka-producer-network-thread | producer-1] WARN  o.apache.kafka.clients.NetworkClient - [Producer clientId=producer-1] Connection to node 0 could not be established. Broker may not be available.
2020-07-10 00:00:44.373 [- | org.springframework.kafka.KafkaListenerEndpointContainer#0-0-C-1] WARN  o.apache.kafka.clients.NetworkClient - [Consumer clientId=consumer-2, groupId=mall] Connection to node 0 could not be established. Broker may not be available.
2020-07-10 00:00:46.095 [- | kafka-producer-network-thread | producer-1] WARN  o.apache.kafka.clients.NetworkClient - [Producer clientId=producer-1] Connection to node 0 could not be established. Broker may not be available.
2020-07-10 00:00:47.495 [- | org.springframework.kafka.KafkaListenerEndpointContainer#0-0-C-1] WARN  o.apache.kafka.clients.NetworkClient - [Consumer clientId=consumer-2, groupId=mall] Connection to node 0 could not be established. Broker may not be available.
2020-07-10 00:00:49.064 [- | kafka-producer-network-thread | producer-1] WARN  o.apache.kafka.clients.NetworkClient - [Producer clientId=producer-1] Connection to node 0 could not be established. Broker may not be available.
2020-07-10 00:00:50.411 [- | org.springframework.kafka.KafkaListenerEndpointContainer#0-0-C-1] WARN  o.apache.kafka.clients.NetworkClient - [Consumer clientId=consumer-2, groupId=mall] Connection to node 0 could not be established. Broker may not be available.
2020-07-10 00:00:52.083 [- | kafka-producer-network-thread | producer-1] WARN  o.apache.kafka.clients.NetworkClient - [Producer clientId=producer-1] Connection to node 0 could not be established. Broker may not be available.
2020-07-10 00:00:53.277 [- | org.springframework.kafka.KafkaListenerEndpointContainer#0-0-C-1] WARN  o.apache.kafka.clients.NetworkClient - [Consumer clientId=consumer-2, groupId=mall] Connection to node 0 could not be established. Broker may not be available.
2020-07-10 00:00:55.104 [- | kafka-producer-network-thread | producer-1] WARN  o.apache.kafka.clients.NetworkClient - [Producer clientId=producer-1] Connection to node 0 could not be established. Broker may not be available.
2020-07-10 00:00:56.144 [- | org.springframework.kafka.KafkaListenerEndpointContainer#0-0-C-1] WARN  o.apache.kafka.clients.NetworkClient - [Consumer clientId=consumer-2, groupId=mall] Connection to node 0 could not be established. Broker may not be available.
2020-07-10 00:00:58.123 [- | kafka-producer-network-thread | producer-1] WARN  o.apache.kafka.clients.NetworkClient - [Producer clientId=producer-1] Connection to node 0 could not be established. Broker may not be available.
2020-07-10 00:00:59.061 [- | org.springframework.kafka.KafkaListenerEndpointContainer#0-0-C-1] WARN  o.apache.kafka.clients.NetworkClient - [Consumer clientId=consumer-2, groupId=mall] Connection to node 0 could not be established. Broker may not be available.
2020-07-10 00:01:01.347 [- | kafka-producer-network-thread | producer-1] WARN  o.apache.kafka.clients.NetworkClient - [Producer clientId=producer-1] Connection to node 0 could not be established. Broker may not be available.
2020-07-10 00:01:01.928 [- | org.springframework.kafka.KafkaListenerEndpointContainer#0-0-C-1] WARN  o.apache.kafka.clients.NetworkClient - [Consumer clientId=consumer-2, groupId=mall] Connection to node 0 could not be established. Broker may not be available.
2020-07-10 00:01:04.316 [- | kafka-producer-network-thread | producer-1] WARN  o.apache.kafka.clients.NetworkClient - [Producer clientId=producer-1] Connection to node 0 could not be established. Broker may not be available.
2020-07-10 00:01:04.898 [- | org.springframework.kafka.KafkaListenerEndpointContainer#0-0-C-1] WARN  o.apache.kafka.clients.NetworkClient - [Consumer clientId=consumer-2, groupId=mall] Connection to node 0 could not be established. Broker may not be available.
2020-07-10 00:01:07.487 [- | kafka-producer-network-thread | producer-1] WARN  o.apache.kafka.clients.NetworkClient - [Producer clientId=producer-1] Connection to node 0 could not be established. Broker may not be available.
2020-07-10 00:01:07.919 [- | org.springframework.kafka.KafkaListenerEndpointContainer#0-0-C-1] WARN  o.apache.kafka.clients.NetworkClient - [Consumer clientId=consumer-2, groupId=mall] Connection to node 0 could not be established. Broker may not be available.
2020-07-10 00:01:10.656 [- | kafka-producer-network-thread | producer-1] WARN  o.apache.kafka.clients.NetworkClient - [Producer clientId=producer-1] Connection to node 0 could not be established. Broker may not be available.
2020-07-10 00:01:10.837 [- | org.springframework.kafka.KafkaListenerEndpointContainer#0-0-C-1] WARN  o.apache.kafka.clients.NetworkClient - [Consumer clientId=consumer-2, groupId=mall] Connection to node 0 could not be established. Broker may not be available.
2020-07-10 00:01:13.686 [- | kafka-producer-network-thread | producer-1] WARN  o.apache.kafka.clients.NetworkClient - [Producer clientId=producer-1] Connection to node 0 could not be established. Broker may not be available.
2020-07-10 00:01:13.714 [- | org.springframework.kafka.KafkaListenerEndpointContainer#0-0-C-1] WARN  o.apache.kafka.clients.NetworkClient - [Consumer clientId=consumer-2, groupId=mall] Connection to node 0 could not be established. Broker may not be available.
2020-07-10 00:01:16.552 [- | kafka-producer-network-thread | producer-1] WARN  o.apache.kafka.clients.NetworkClient - [Producer clientId=producer-1] Connection to node 0 could not be established. Broker may not be available.
2020-07-10 00:01:16.782 [- | org.springframework.kafka.KafkaListenerEndpointContainer#0-0-C-1] WARN  o.apache.kafka.clients.NetworkClient - [Consumer clientId=consumer-2, groupId=mall] Connection to node 0 could not be established. Broker may not be available.
2020-07-10 00:01:19.522 [- | kafka-producer-network-thread | producer-1] WARN  o.apache.kafka.clients.NetworkClient - [Producer clientId=producer-1] Connection to node 0 could not be established. Broker may not be available.
2020-07-10 00:01:19.853 [- | org.springframework.kafka.KafkaListenerEndpointContainer#0-0-C-1] WARN  o.apache.kafka.clients.NetworkClient - [Consumer clientId=consumer-2, groupId=mall] Connection to node 0 could not be established. Broker may not be available.
2020-07-10 00:01:22.389 [- | kafka-producer-network-thread | producer-1] WARN  o.apache.kafka.clients.NetworkClient - [Producer clientId=producer-1] Connection to node 0 could not be established. Broker may not be available.
2020-07-10 00:01:22.922 [- | org.springframework.kafka.KafkaListenerEndpointContainer#0-0-C-1] WARN  o.apache.kafka.clients.NetworkClient - [Consumer clientId=consumer-2, groupId=mall] Connection to node 0 could not be established. Broker may not be available.
2020-07-10 00:01:25.561 [- | kafka-producer-network-thread | producer-1] WARN  o.apache.kafka.clients.NetworkClient - [Producer clientId=producer-1] Connection to node 0 could not be established. Broker may not be available.
2020-07-10 00:01:25.891 [- | org.springframework.kafka.KafkaListenerEndpointContainer#0-0-C-1] WARN  o.apache.kafka.clients.NetworkClient - [Consumer clientId=consumer-2, groupId=mall] Connection to node 0 could not be established. Broker may not be available.
2020-07-10 00:01:28.580 [- | kafka-producer-network-thread | producer-1] WARN  o.apache.kafka.clients.NetworkClient - [Producer clientId=producer-1] Connection to node 0 could not be established. Broker may not be available.
2020-07-10 00:01:28.859 [- | org.springframework.kafka.KafkaListenerEndpointContainer#0-0-C-1] WARN  o.apache.kafka.clients.NetworkClient - [Consumer clientId=consumer-2, groupId=mall] Connection to node 0 could not be established. Broker may not be available.
2020-07-10 00:01:31.549 [- | kafka-producer-network-thread | producer-1] WARN  o.apache.kafka.clients.NetworkClient - [Producer clientId=producer-1] Connection to node 0 could not be established. Broker may not be available.
2020-07-10 00:01:31.929 [- | org.springframework.kafka.KafkaListenerEndpointContainer#0-0-C-1] WARN  o.apache.kafka.clients.NetworkClient - [Consumer clientId=consumer-2, groupId=mall] Connection to node 0 could not be established. Broker may not be available.
2020-07-10 00:01:34.669 [- | kafka-producer-network-thread | producer-1] WARN  o.apache.kafka.clients.NetworkClient - [Producer clientId=producer-1] Connection to node 0 could not be established. Broker may not be available.
2020-07-10 00:01:34.999 [- | org.springframework.kafka.KafkaListenerEndpointContainer#0-0-C-1] WARN  o.apache.kafka.clients.NetworkClient - [Consumer clientId=consumer-2, groupId=mall] Connection to node 0 could not be established. Broker may not be available.
2020-07-10 00:01:37.637 [- | kafka-producer-network-thread | producer-1] WARN  o.apache.kafka.clients.NetworkClient - [Producer clientId=producer-1] Connection to node 0 could not be established. Broker may not be available.
2020-07-10 00:01:37.867 [- | org.springframework.kafka.KafkaListenerEndpointContainer#0-0-C-1] WARN  o.apache.kafka.clients.NetworkClient - [Consumer clientId=consumer-2, groupId=mall] Connection to node 0 could not be established. Broker may not be available.
2020-07-10 00:01:40.706 [- | kafka-producer-network-thread | producer-1] WARN  o.apache.kafka.clients.NetworkClient - [Producer clientId=producer-1] Connection to node 0 could not be established. Broker may not be available.
2020-07-10 00:01:41.036 [- | org.springframework.kafka.KafkaListenerEndpointContainer#0-0-C-1] WARN  o.apache.kafka.clients.NetworkClient - [Consumer clientId=consumer-2, groupId=mall] Connection to node 0 could not be established. Broker may not be available.
2020-07-10 00:01:43.724 [- | kafka-producer-network-thread | producer-1] WARN  o.apache.kafka.clients.NetworkClient - [Producer clientId=producer-1] Connection to node 0 could not be established. Broker may not be available.
2020-07-10 00:01:43.904 [- | org.springframework.kafka.KafkaListenerEndpointContainer#0-0-C-1] WARN  o.apache.kafka.clients.NetworkClient - [Consumer clientId=consumer-2, groupId=mall] Connection to node 0 could not be established. Broker may not be available.
2020-07-10 00:01:46.591 [- | kafka-producer-network-thread | producer-1] WARN  o.apache.kafka.clients.NetworkClient - [Producer clientId=producer-1] Connection to node 0 could not be established. Broker may not be available.
2020-07-10 00:01:46.874 [- | org.springframework.kafka.KafkaListenerEndpointContainer#0-0-C-1] WARN  o.apache.kafka.clients.NetworkClient - [Consumer clientId=consumer-2, groupId=mall] Connection to node 0 could not be established. Broker may not be available.
2020-07-10 00:01:49.458 [- | kafka-producer-network-thread | producer-1] WARN  o.apache.kafka.clients.NetworkClient - [Producer clientId=producer-1] Connection to node 0 could not be established. Broker may not be available.
2020-07-10 00:01:49.944 [- | org.springframework.kafka.KafkaListenerEndpointContainer#0-0-C-1] WARN  o.apache.kafka.clients.NetworkClient - [Consumer clientId=consumer-2, groupId=mall] Connection to node 0 could not be established. Broker may not be available.
2020-07-10 00:01:52.628 [- | kafka-producer-network-thread | producer-1] WARN  o.apache.kafka.clients.NetworkClient - [Producer clientId=producer-1] Connection to node 0 could not be established. Broker may not be available.
2020-07-10 00:01:53.065 [- | org.springframework.kafka.KafkaListenerEndpointContainer#0-0-C-1] WARN  o.apache.kafka.clients.NetworkClient - [Consumer clientId=consumer-2, groupId=mall] Connection to node 0 could not be established. Broker may not be available.
2020-07-10 00:01:55.596 [- | kafka-producer-network-thread | producer-1] WARN  o.apache.kafka.clients.NetworkClient - [Producer clientId=producer-1] Connection to node 0 could not be established. Broker may not be available.
2020-07-10 00:01:56.033 [- | org.springframework.kafka.KafkaListenerEndpointContainer#0-0-C-1] WARN  o.apache.kafka.clients.NetworkClient - [Consumer clientId=consumer-2, groupId=mall] Connection to node 0 could not be established. Broker may not be available.
2020-07-10 00:01:58.816 [- | kafka-producer-network-thread | producer-1] WARN  o.apache.kafka.clients.NetworkClient - [Producer clientId=producer-1] Connection to node 0 could not be established. Broker may not be available.
2020-07-10 00:01:58.951 [- | org.springframework.kafka.KafkaListenerEndpointContainer#0-0-C-1] WARN  o.apache.kafka.clients.NetworkClient - [Consumer clientId=consumer-2, groupId=mall] Connection to node 0 could not be established. Broker may not be available.
2020-07-10 00:02:01.938 [- | kafka-producer-network-thread | producer-1] WARN  o.apache.kafka.clients.NetworkClient - [Producer clientId=producer-1] Connection to node 0 could not be established. Broker may not be available.
2020-07-10 00:02:01.970 [- | org.springframework.kafka.KafkaListenerEndpointContainer#0-0-C-1] WARN  o.apache.kafka.clients.NetworkClient - [Consumer clientId=consumer-2, groupId=mall] Connection to node 0 could not be established. Broker may not be available.
2020-07-10 00:02:04.905 [- | kafka-producer-network-thread | producer-1] WARN  o.apache.kafka.clients.NetworkClient - [Producer clientId=producer-1] Connection to node 0 could not be established. Broker may not be available.
2020-07-10 00:02:04.990 [- | org.springframework.kafka.KafkaListenerEndpointContainer#0-0-C-1] WARN  o.apache.kafka.clients.NetworkClient - [Consumer clientId=consumer-2, groupId=mall] Connection to node 0 could not be established. Broker may not be available.
2020-07-10 00:02:07.774 [- | kafka-producer-network-thread | producer-1] WARN  o.apache.kafka.clients.NetworkClient - [Producer clientId=producer-1] Connection to node 0 could not be established. Broker may not be available.
2020-07-10 00:02:07.856 [- | org.springframework.kafka.KafkaListenerEndpointContainer#0-0-C-1] WARN  o.apache.kafka.clients.NetworkClient - [Consumer clientId=consumer-2, groupId=mall] Connection to node 0 could not be established. Broker may not be available.
2020-07-10 00:02:10.843 [- | kafka-producer-network-thread | producer-1] WARN  o.apache.kafka.clients.NetworkClient - [Producer clientId=producer-1] Connection to node 0 could not be established. Broker may not be available.
2020-07-10 00:02:10.876 [- | org.springframework.kafka.KafkaListenerEndpointContainer#0-0-C-1] WARN  o.apache.kafka.clients.NetworkClient - [Consumer clientId=consumer-2, groupId=mall] Connection to node 0 could not be established. Broker may not be available.
2020-07-10 00:02:13.852 [- | org.springframework.kafka.KafkaListenerEndpointContainer#0-0-C-1] WARN  o.apache.kafka.clients.NetworkClient - [Consumer clientId=consumer-2, groupId=mall] Connection to node 0 could not be established. Broker may not be available.
2020-07-10 00:02:14.064 [- | kafka-producer-network-thread | producer-1] WARN  o.apache.kafka.clients.NetworkClient - [Producer clientId=producer-1] Connection to node 0 could not be established. Broker may not be available.
2020-07-10 00:02:16.667 [- | org.springframework.kafka.KafkaListenerEndpointContainer#0-0-C-1] WARN  o.apache.kafka.clients.NetworkClient - [Consumer clientId=consumer-2, groupId=mall] Connection to node 0 could not be established. Broker may not be available.
2020-07-10 00:02:17.097 [- | kafka-producer-network-thread | producer-1] WARN  o.apache.kafka.clients.NetworkClient - [Producer clientId=producer-1] Connection to node 0 could not be established. Broker may not be available.
2020-07-10 00:02:19.749 [- | org.springframework.kafka.KafkaListenerEndpointContainer#0-0-C-1] WARN  o.apache.kafka.clients.NetworkClient - [Consumer clientId=consumer-2, groupId=mall] Connection to node 0 could not be established. Broker may not be available.
2020-07-10 00:02:20.114 [- | kafka-producer-network-thread | producer-1] WARN  o.apache.kafka.clients.NetworkClient - [Producer clientId=producer-1] Connection to node 0 could not be established. Broker may not be available.
2020-07-10 00:02:22.830 [- | org.springframework.kafka.KafkaListenerEndpointContainer#0-0-C-1] WARN  o.apache.kafka.clients.NetworkClient - [Consumer clientId=consumer-2, groupId=mall] Connection to node 0 could not be established. Broker may not be available.
2020-07-10 00:02:23.046 [- | kafka-producer-network-thread | producer-1] WARN  o.apache.kafka.clients.NetworkClient - [Producer clientId=producer-1] Connection to node 0 could not be established. Broker may not be available.
2020-07-10 00:02:25.861 [- | org.springframework.kafka.KafkaListenerEndpointContainer#0-0-C-1] WARN  o.apache.kafka.clients.NetworkClient - [Consumer clientId=consumer-2, groupId=mall] Connection to node 0 could not be established. Broker may not be available.
2020-07-10 00:02:26.064 [- | kafka-producer-network-thread | producer-1] WARN  o.apache.kafka.clients.NetworkClient - [Producer clientId=producer-1] Connection to node 0 could not be established. Broker may not be available.
2020-07-10 00:02:28.930 [- | org.springframework.kafka.KafkaListenerEndpointContainer#0-0-C-1] WARN  o.apache.kafka.clients.NetworkClient - [Consumer clientId=consumer-2, groupId=mall] Connection to node 0 could not be established. Broker may not be available.
2020-07-10 00:02:29.032 [- | kafka-producer-network-thread | producer-1] WARN  o.apache.kafka.clients.NetworkClient - [Producer clientId=producer-1] Connection to node 0 could not be established. Broker may not be available.
2020-07-10 00:02:31.990 [- | kafka-producer-network-thread | producer-1] WARN  o.apache.kafka.clients.NetworkClient - [Producer clientId=producer-1] Connection to node 0 could not be established. Broker may not be available.
2020-07-10 00:02:32.007 [- | org.springframework.kafka.KafkaListenerEndpointContainer#0-0-C-1] WARN  o.apache.kafka.clients.NetworkClient - [Consumer clientId=consumer-2, groupId=mall] Connection to node 0 could not be established. Broker may not be available.
2020-07-10 00:02:34.954 [- | kafka-producer-network-thread | producer-1] WARN  o.apache.kafka.clients.NetworkClient - [Producer clientId=producer-1] Connection to node 0 could not be established. Broker may not be available.
2020-07-10 00:02:35.075 [- | org.springframework.kafka.KafkaListenerEndpointContainer#0-0-C-1] WARN  o.apache.kafka.clients.NetworkClient - [Consumer clientId=consumer-2, groupId=mall] Connection to node 0 could not be established. Broker may not be available.
2020-07-10 00:02:37.972 [- | kafka-producer-network-thread | producer-1] WARN  o.apache.kafka.clients.NetworkClient - [Producer clientId=producer-1] Connection to node 0 could not be established. Broker may not be available.
2020-07-10 00:02:38.308 [- | org.springframework.kafka.KafkaListenerEndpointContainer#0-0-C-1] WARN  o.apache.kafka.clients.NetworkClient - [Consumer clientId=consumer-2, groupId=mall] Connection to node 0 could not be established. Broker may not be available.
2020-07-10 00:02:40.819 [- | kafka-producer-network-thread | producer-1] WARN  o.apache.kafka.clients.NetworkClient - [Producer clientId=producer-1] Connection to node 0 could not be established. Broker may not be available.
2020-07-10 00:02:41.527 [- | org.springframework.kafka.KafkaListenerEndpointContainer#0-0-C-1] WARN  o.apache.kafka.clients.NetworkClient - [Consumer clientId=consumer-2, groupId=mall] Connection to node 0 could not be established. Broker may not be available.
2020-07-10 00:02:43.991 [- | kafka-producer-network-thread | producer-1] WARN  o.apache.kafka.clients.NetworkClient - [Producer clientId=producer-1] Connection to node 0 could not be established. Broker may not be available.
2020-07-10 00:02:44.697 [- | org.springframework.kafka.KafkaListenerEndpointContainer#0-0-C-1] WARN  o.apache.kafka.clients.NetworkClient - [Consumer clientId=consumer-2, groupId=mall] Connection to node 0 could not be established. Broker may not be available.
2020-07-10 00:02:46.885 [- | kafka-producer-network-thread | producer-1] WARN  o.apache.kafka.clients.NetworkClient - [Producer clientId=producer-1] Connection to node 0 could not be established. Broker may not be available.
2020-07-10 00:02:47.717 [- | org.springframework.kafka.KafkaListenerEndpointContainer#0-0-C-1] WARN  o.apache.kafka.clients.NetworkClient - [Consumer clientId=consumer-2, groupId=mall] Connection to node 0 could not be established. Broker may not be available.
2020-07-10 00:02:49.977 [- | kafka-producer-network-thread | producer-1] WARN  o.apache.kafka.clients.NetworkClient - [Producer clientId=producer-1] Connection to node 0 could not be established. Broker may not be available.
2020-07-10 00:02:50.941 [- | org.springframework.kafka.KafkaListenerEndpointContainer#0-0-C-1] WARN  o.apache.kafka.clients.NetworkClient - [Consumer clientId=consumer-2, groupId=mall] Connection to node 0 could not be established. Broker may not be available.
2020-07-10 00:02:53.074 [- | kafka-producer-network-thread | producer-1] WARN  o.apache.kafka.clients.NetworkClient - [Producer clientId=producer-1] Connection to node 0 could not be established. Broker may not be available.
2020-07-10 00:02:53.907 [- | org.springframework.kafka.KafkaListenerEndpointContainer#0-0-C-1] WARN  o.apache.kafka.clients.NetworkClient - [Consumer clientId=consumer-2, groupId=mall] Connection to node 0 could not be established. Broker may not be available.
2020-07-10 00:02:55.379 [- | org.springframework.kafka.KafkaListenerEndpointContainer#0-0-C-1] INFO  o.s.s.c.ThreadPoolTaskScheduler - Shutting down ExecutorService
2020-07-10 00:02:55.380 [- | org.springframework.kafka.KafkaListenerEndpointContainer#0-0-C-1] INFO  o.s.k.l.KafkaMessageListenerContainer$ListenerConsumer - Consumer stopped
2020-07-10 00:02:55.383 [- | Thread-10] INFO  o.s.s.c.ThreadPoolTaskScheduler - Shutting down ExecutorService 'taskScheduler'
2020-07-10 00:02:55.385 [- | Thread-10] INFO  o.s.s.c.ThreadPoolTaskExecutor - Shutting down ExecutorService 'applicationTaskExecutor'
2020-07-10 00:02:55.387 [- | Thread-10] INFO  c.alibaba.druid.pool.DruidDataSource - {dataSource-1} closed
2020-07-10 00:02:55.387 [- | Thread-10] INFO  o.a.k.clients.producer.KafkaProducer - [Producer clientId=producer-1] Closing the Kafka producer with timeoutMillis = 30000 ms.
2020-07-10 00:02:56.206 [- | kafka-producer-network-thread | producer-1] WARN  o.apache.kafka.clients.NetworkClient - [Producer clientId=producer-1] Connection to node 0 could not be established. Broker may not be available.
2020-07-10 00:02:57.725 [- | kafka-producer-network-thread | producer-1] ERROR o.s.k.s.LoggingProducerListener - Exception thrown when sending a message with key='null' and payload='hello java222' to topic mall-0709:
org.apache.kafka.common.errors.TimeoutException: Expiring 1 record(s) for mall-0709-0: 30025 ms has passed since batch creation plus linger time
