2020-12-26 12:43:57.797 [- | main] INFO  com.ke.mall.MallApplication - Starting MallApplication on DESKTOP-QI3QRJF with PID 10636 (D:\Java-0912\mall\target\classes started by ningwang in D:\Java-0912\mall)
2020-12-26 12:43:57.799 [- | main] INFO  com.ke.mall.MallApplication - No active profile set, falling back to default profiles: default
2020-12-26 12:43:58.735 [- | main] INFO  o.s.d.r.c.RepositoryConfigurationDelegate - Multiple Spring Data modules found, entering strict repository configuration mode!
2020-12-26 12:43:58.737 [- | main] INFO  o.s.d.r.c.RepositoryConfigurationDelegate - Bootstrapping Spring Data Redis repositories in DEFAULT mode.
2020-12-26 12:43:58.765 [- | main] INFO  o.s.d.r.c.RepositoryConfigurationDelegate - Finished Spring Data repository scanning in 14ms. Found 0 Redis repository interfaces.
2020-12-26 12:43:59.007 [- | main] INFO  o.s.c.s.PostProcessorRegistrationDelegate$BeanPostProcessorChecker - Bean 'org.springframework.kafka.annotation.KafkaBootstrapConfiguration' of type [org.springframework.kafka.annotation.KafkaBootstrapConfiguration$$EnhancerBySpringCGLIB$$f528545d] is not eligible for getting processed by all BeanPostProcessors (for example: not eligible for auto-proxying)
2020-12-26 12:43:59.036 [- | main] INFO  o.s.c.s.PostProcessorRegistrationDelegate$BeanPostProcessorChecker - Bean 'org.springframework.transaction.annotation.ProxyTransactionManagementConfiguration' of type [org.springframework.transaction.annotation.ProxyTransactionManagementConfiguration$$EnhancerBySpringCGLIB$$217642da] is not eligible for getting processed by all BeanPostProcessors (for example: not eligible for auto-proxying)
2020-12-26 12:43:59.330 [- | main] INFO  o.s.b.w.e.tomcat.TomcatWebServer - Tomcat initialized with port(s): 8082 (http)
2020-12-26 12:43:59.340 [- | main] INFO  o.a.coyote.http11.Http11NioProtocol - Initializing ProtocolHandler ["http-nio-8082"]
2020-12-26 12:43:59.346 [- | main] INFO  o.a.catalina.core.StandardService - Starting service [Tomcat]
2020-12-26 12:43:59.347 [- | main] INFO  o.a.catalina.core.StandardEngine - Starting Servlet engine: [Apache Tomcat/9.0.30]
2020-12-26 12:43:59.450 [- | main] INFO  o.a.c.c.C.[Tomcat].[localhost].[/] - Initializing Spring embedded WebApplicationContext
2020-12-26 12:43:59.450 [- | main] INFO  o.s.web.context.ContextLoader - Root WebApplicationContext: initialization completed in 1575 ms
2020-12-26 12:43:59.776 [- | main] INFO  c.a.d.s.b.a.DruidDataSourceAutoConfigure - Init DruidDataSource
2020-12-26 12:43:59.880 [- | main] INFO  c.alibaba.druid.pool.DruidDataSource - {dataSource-1} inited
2020-12-26 12:44:00.423 [- | main] INFO  s.d.s.w.PropertySourcedRequestMappingHandlerMapping - Mapped URL path [/v2/api-docs] onto method [public org.springframework.http.ResponseEntity<springfox.documentation.spring.web.json.Json> springfox.documentation.swagger2.web.Swagger2Controller.getDocumentation(java.lang.String,javax.servlet.http.HttpServletRequest)]
2020-12-26 12:44:00.529 [- | main] INFO  o.s.s.c.ThreadPoolTaskExecutor - Initializing ExecutorService 'applicationTaskExecutor'
2020-12-26 12:44:00.918 [- | main] INFO  o.s.s.c.ThreadPoolTaskScheduler - Initializing ExecutorService 'taskScheduler'
2020-12-26 12:44:00.989 [- | main] INFO  s.d.s.w.p.DocumentationPluginsBootstrapper - Context refreshed
2020-12-26 12:44:01.000 [- | main] INFO  s.d.s.w.p.DocumentationPluginsBootstrapper - Found 1 custom documentation plugin(s)
2020-12-26 12:44:01.026 [- | main] INFO  s.d.s.w.s.ApiListingReferenceScanner - Scanning for api listing references
2020-12-26 12:44:01.226 [- | main] INFO  o.a.coyote.http11.Http11NioProtocol - Starting ProtocolHandler ["http-nio-8082"]
2020-12-26 12:44:01.244 [- | main] INFO  o.s.b.w.e.tomcat.TomcatWebServer - Tomcat started on port(s): 8082 (http) with context path ''
2020-12-26 12:44:01.247 [- | main] INFO  com.ke.mall.MallApplication - Started MallApplication in 4.012 seconds (JVM running for 4.846)
2020-12-26 12:46:00.780 [- | main] INFO  com.ke.mall.MallApplication - Starting MallApplication on DESKTOP-QI3QRJF with PID 3680 (D:\Java-0912\mall\target\classes started by ningwang in D:\Java-0912\mall)
2020-12-26 12:46:00.782 [- | main] INFO  com.ke.mall.MallApplication - No active profile set, falling back to default profiles: default
2020-12-26 12:46:01.425 [- | main] INFO  o.s.d.r.c.RepositoryConfigurationDelegate - Multiple Spring Data modules found, entering strict repository configuration mode!
2020-12-26 12:46:01.427 [- | main] INFO  o.s.d.r.c.RepositoryConfigurationDelegate - Bootstrapping Spring Data Redis repositories in DEFAULT mode.
2020-12-26 12:46:01.447 [- | main] INFO  o.s.d.r.c.RepositoryConfigurationDelegate - Finished Spring Data repository scanning in 12ms. Found 0 Redis repository interfaces.
2020-12-26 12:46:01.679 [- | main] INFO  o.s.c.s.PostProcessorRegistrationDelegate$BeanPostProcessorChecker - Bean 'org.springframework.kafka.annotation.KafkaBootstrapConfiguration' of type [org.springframework.kafka.annotation.KafkaBootstrapConfiguration$$EnhancerBySpringCGLIB$$dd3f1002] is not eligible for getting processed by all BeanPostProcessors (for example: not eligible for auto-proxying)
2020-12-26 12:46:01.709 [- | main] INFO  o.s.c.s.PostProcessorRegistrationDelegate$BeanPostProcessorChecker - Bean 'org.springframework.transaction.annotation.ProxyTransactionManagementConfiguration' of type [org.springframework.transaction.annotation.ProxyTransactionManagementConfiguration$$EnhancerBySpringCGLIB$$98cfe7f] is not eligible for getting processed by all BeanPostProcessors (for example: not eligible for auto-proxying)
2020-12-26 12:46:01.905 [- | main] INFO  o.s.b.w.e.tomcat.TomcatWebServer - Tomcat initialized with port(s): 8082 (http)
2020-12-26 12:46:01.921 [- | main] INFO  o.a.coyote.http11.Http11NioProtocol - Initializing ProtocolHandler ["http-nio-8082"]
2020-12-26 12:46:01.930 [- | main] INFO  o.a.catalina.core.StandardService - Starting service [Tomcat]
2020-12-26 12:46:01.930 [- | main] INFO  o.a.catalina.core.StandardEngine - Starting Servlet engine: [Apache Tomcat/9.0.30]
2020-12-26 12:46:02.060 [- | main] INFO  o.a.c.c.C.[Tomcat].[localhost].[/] - Initializing Spring embedded WebApplicationContext
2020-12-26 12:46:02.060 [- | main] INFO  o.s.web.context.ContextLoader - Root WebApplicationContext: initialization completed in 1242 ms
2020-12-26 12:46:02.325 [- | main] INFO  c.a.d.s.b.a.DruidDataSourceAutoConfigure - Init DruidDataSource
2020-12-26 12:46:02.411 [- | main] INFO  c.alibaba.druid.pool.DruidDataSource - {dataSource-1} inited
2020-12-26 12:46:02.789 [- | main] INFO  s.d.s.w.PropertySourcedRequestMappingHandlerMapping - Mapped URL path [/v2/api-docs] onto method [public org.springframework.http.ResponseEntity<springfox.documentation.spring.web.json.Json> springfox.documentation.swagger2.web.Swagger2Controller.getDocumentation(java.lang.String,javax.servlet.http.HttpServletRequest)]
2020-12-26 12:46:02.889 [- | main] INFO  o.s.s.c.ThreadPoolTaskExecutor - Initializing ExecutorService 'applicationTaskExecutor'
2020-12-26 12:46:03.181 [- | main] INFO  o.s.s.c.ThreadPoolTaskScheduler - Initializing ExecutorService 'taskScheduler'
2020-12-26 12:46:03.245 [- | main] INFO  s.d.s.w.p.DocumentationPluginsBootstrapper - Context refreshed
2020-12-26 12:46:03.254 [- | main] INFO  s.d.s.w.p.DocumentationPluginsBootstrapper - Found 1 custom documentation plugin(s)
2020-12-26 12:46:03.276 [- | main] INFO  s.d.s.w.s.ApiListingReferenceScanner - Scanning for api listing references
2020-12-26 12:46:03.422 [- | main] INFO  o.a.coyote.http11.Http11NioProtocol - Starting ProtocolHandler ["http-nio-8082"]
2020-12-26 12:46:03.439 [- | main] INFO  o.s.b.w.e.tomcat.TomcatWebServer - Tomcat started on port(s): 8082 (http) with context path ''
2020-12-26 12:46:03.441 [- | main] INFO  com.ke.mall.MallApplication - Started MallApplication in 3.052 seconds (JVM running for 3.78)
2020-12-26 12:50:14.809 [- | http-nio-8082-exec-1] INFO  o.a.c.c.C.[Tomcat].[localhost].[/] - Initializing Spring DispatcherServlet 'dispatcherServlet'
2020-12-26 12:50:14.809 [- | http-nio-8082-exec-1] INFO  o.s.web.servlet.DispatcherServlet - Initializing Servlet 'dispatcherServlet'
2020-12-26 12:50:14.814 [- | http-nio-8082-exec-1] INFO  o.s.web.servlet.DispatcherServlet - Completed initialization in 5 ms
